[2022-07-20 22:39:51] Console created
[2022-07-20 22:39:51] UE4SS - v1.3.3 Beta #0 - Build #3918
[2022-07-20 22:39:51] WITH_CASE_PRESERVING_NAME: No

[2022-07-20 22:39:51] No specific game configuration found, using default configuration file
[2022-07-20 22:39:51] Config: C:\Program Files (x86)\Steam\steamapps\common\Stray\Hk_project\Binaries\Win64\UE4SS-settings.ini

[2022-07-20 22:39:51] root directory: C:\Program Files (x86)\Steam\steamapps\common\Stray\Hk_project\Binaries\Win64
[2022-07-20 22:39:51] working directory: C:\Program Files (x86)\Steam\steamapps\common\Stray\Hk_project\Binaries\Win64
[2022-07-20 22:39:51] game executable directory: C:\Program Files (x86)\Steam\steamapps\common\Stray\Hk_project\Binaries\Win64
[2022-07-20 22:39:51] mods directory: C:\Program Files (x86)\Steam\steamapps\common\Stray\Hk_project\Binaries\Win64\Mods
[2022-07-20 22:39:51] log directory: C:\Program Files (x86)\Steam\steamapps\common\Stray\Hk_project\Binaries\Win64
[2022-07-20 22:39:51] object dumper directory: C:\Program Files (x86)\Steam\steamapps\common\Stray\Hk_project\Binaries\Win64


[2022-07-20 22:39:51] Scan attempt 1/60
[2022-07-20 22:39:51] AOB scans could not be completed because of the following reasons:
Was unable to find AOB for 'Unreal Engine Version'.
Could not determine Unreal Engine version: 'Branch' member variable FString data was nullptr
You need to override the engine version in 'UE4SS-settings.ini.

Was unable to find address for 'StaticConstructObject_Internal'
You can supply your own in 'UE4SS_Signatures/StaticConstructObject'

Was unable to find AOB for 'FName::ToString'
You can supply your own in 'UE4SS_Signatures/FName_ToString.lua'

[2022-07-20 22:39:51] Scan attempt 2/60
[2022-07-20 22:39:52] AOB scans could not be completed because of the following reasons:
Was unable to find AOB for 'Unreal Engine Version'.
Could not determine Unreal Engine version: 'Branch' member variable FString data was nullptr
You need to override the engine version in 'UE4SS-settings.ini.

Was unable to find address for 'StaticConstructObject_Internal'
You can supply your own in 'UE4SS_Signatures/StaticConstructObject'

Was unable to find AOB for 'FName::ToString'
You can supply your own in 'UE4SS_Signatures/FName_ToString.lua'

[2022-07-20 22:39:52] Scan attempt 3/60
[2022-07-20 22:39:52] AOB scans could not be completed because of the following reasons:
Was unable to find AOB for 'Unreal Engine Version'.
Could not determine Unreal Engine version: 'Branch' member variable FString data was nullptr
You need to override the engine version in 'UE4SS-settings.ini.

Was unable to find address for 'StaticConstructObject_Internal'
You can supply your own in 'UE4SS_Signatures/StaticConstructObject'

[2022-07-20 22:39:52] FName::ToString address: 0x7ff6f6dc2790 <- Built-in
[2022-07-20 22:39:52] Scan attempt 4/60
[2022-07-20 22:39:52] AOB scans could not be completed because of the following reasons:
Was unable to find AOB for 'Unreal Engine Version'.
Could not determine Unreal Engine version: 'Branch' member variable FString data was nullptr
You need to override the engine version in 'UE4SS-settings.ini.

[2022-07-20 22:39:52] StaticConstructObject_Internal address: 0x7ff6f6fb0ba0 <- Built-in
[2022-07-20 22:39:52] FName::ToString address: 0x7ff6f6dc2790 <- Built-in
[2022-07-20 22:39:52] Info: Found FName::ToString in both Engine & CoreUObject modules, using the first match
[2022-07-20 22:39:52] Scan attempt 5/60
[2022-07-20 22:39:52] Engine Version: 4.27 <- Built-in
[2022-07-20 22:39:52] StaticConstructObject_Internal address: 0x7ff6f6fb0ba0 <- Built-in
[2022-07-20 22:39:52] FName::ToString address: 0x7ff6f6dc2790 <- Built-in
[2022-07-20 22:39:52] Info: Found FName::ToString in both Engine & CoreUObject modules, using the first match
[2022-07-20 22:39:52] AOB scans could not be completed because of the following reasons:
Was unable to find AOB for 'FName::FName'
You can supply your own in 'UE4SS_Signatures/FName_Constructor.lua'

[2022-07-20 22:39:52] GUObjectArray address: 0x7ff6faa5ac00 <- Built-in
[2022-07-20 22:39:52] GMalloc address: 0x7ff6f6cc0e70 <- Built-in
[2022-07-20 22:39:53] AOB scans could not be completed because of the following reasons:
Was unable to find AOB for 'FName::FName'
You can supply your own in 'UE4SS_Signatures/FName_Constructor.lua'

[2022-07-20 22:39:53] GUObjectArray address: 0x7ff6faa5ac00 <- Built-in
[2022-07-20 22:39:53] GMalloc address: 0x7ff6f6cc0e70 <- Built-in
[2022-07-20 22:39:53] AOB scans could not be completed because of the following reasons:
Was unable to find AOB for 'FName::FName'
You can supply your own in 'UE4SS_Signatures/FName_Constructor.lua'

[2022-07-20 22:39:53] GUObjectArray address: 0x7ff6faa5ac00 <- Built-in
[2022-07-20 22:39:53] GMalloc address: 0x7ff6f6cc0e70 <- Built-in
[2022-07-20 22:39:53] AOB scans could not be completed because of the following reasons:
Was unable to find AOB for 'FName::FName'
You can supply your own in 'UE4SS_Signatures/FName_Constructor.lua'

[2022-07-20 22:39:53] GUObjectArray address: 0x7ff6faa5ac00 <- Built-in
[2022-07-20 22:39:53] GMalloc address: 0x7ff6f6cc0e70 <- Built-in
[2022-07-20 22:39:53] GUObjectArray address: 0x7ff6faa5ac00 <- Built-in
[2022-07-20 22:39:53] GMalloc address: 0x7ff6f6cc0e70 <- Built-in
[2022-07-20 22:39:53] FName::FName address: 0x7ff6f6db5650 <- Built-in
[2022-07-20 22:39:53] Already constructed: /Script/CoreUObject.Class
[2022-07-20 22:39:53] Already constructed: /Script/CoreUObject
[2022-07-20 22:39:53] Already constructed: /Script/CoreUObject.Struct
[2022-07-20 22:39:53] Already constructed: /Script/Engine.Pawn
[2022-07-20 22:39:53] Already constructed: /Script/Engine.Character
[2022-07-20 22:39:53] Already constructed: /Script/Engine.Actor
[2022-07-20 22:39:53] Already constructed: /Script/CoreUObject.Vector
[2022-07-20 22:39:53] Already constructed: /Script/Engine.Default__DefaultPawn
[2022-07-20 22:39:53] Already constructed: /Script/Engine.HitResult
[2022-07-20 22:39:53] Already constructed: /Script/Engine.Default__MaterialExpression
[2022-07-20 22:39:53] Already constructed: /Script/Engine.ActorComponent
[2022-07-20 22:39:53] Already constructed: /Script/CoreUObject.OrientedBox
[2022-07-20 22:39:53] Already constructed: /Script/Engine.MovementComponent
[2022-07-20 22:39:53] Already constructed: /Script/Engine.HUD
[2022-07-20 22:39:53] Already constructed: /Script/Engine.PlayerController
[2022-07-20 22:39:53] Already constructed: /Script/Engine.PlayerCameraManager
[2022-07-20 22:39:53] Already constructed: /Script/CoreUObject.EInterpCurveMode
[2022-07-20 22:39:53] Already constructed: /Script/Engine.ENetRole
[2022-07-20 22:39:53] Already constructed: /Script/MovieScene.MovieSceneEditorData
[2022-07-20 22:39:53] Already constructed: /Script/UMG.Widget
[2022-07-20 22:39:53] Already constructed: /Script/UMG.ComboBoxString
[2022-07-20 22:39:53] Already constructed: /Script/CoreUObject.Interface
[2022-07-20 22:39:53] Already constructed: /Script/CoreUObject.DynamicClass
[2022-07-20 22:39:53] Constructed 0 of 0 objects
[2022-07-20 22:39:53] 
##### MEMBER OFFSETS START #####

[2022-07-20 22:39:53] UObjectBase::ClassPrivate = 0x10
[2022-07-20 22:39:53] UObjectBase::InternalIndex = 0xC
[2022-07-20 22:39:53] UObjectBase::ObjectFlags = 0x8
[2022-07-20 22:39:53] UObjectBase::NamePrivate = 0x18
[2022-07-20 22:39:53] UObjectBase::OuterPrivate = 0x20
[2022-07-20 22:39:53] UScriptStruct::StructFlags = 0xB0
[2022-07-20 22:39:53] UScriptStruct::CppStructOps = 0xB8
[2022-07-20 22:39:53] UScriptStruct::bPrepareCppStructOpsCompleted = 0xB4
[2022-07-20 22:39:53] UScriptStruct::ICppStructOps::Alignment = 0xC
[2022-07-20 22:39:53] UScriptStruct::ICppStructOps::Size = 0x8
[2022-07-20 22:39:53] FField::ClassPrivate = 0x8
[2022-07-20 22:39:53] FField::NamePrivate = 0x28
[2022-07-20 22:39:53] FField::FlagsPrivate = 0x30
[2022-07-20 22:39:53] FField::Next = 0x20
[2022-07-20 22:39:53] FField::Owner = 0x10
[2022-07-20 22:39:53] FOutputDevice::bAutoEmitLineTerminator = 0x9
[2022-07-20 22:39:53] FOutputDevice::bSuppressEventTag = 0x8
[2022-07-20 22:39:53] FEnumProperty::Enum = 0x80
[2022-07-20 22:39:53] FEnumProperty::UnderlyingProp = 0x78
[2022-07-20 22:39:53] UStruct::DestructorLink = 0x80
[2022-07-20 22:39:53] UStruct::Children = 0x48
[2022-07-20 22:39:53] UStruct::ChildProperties = 0x50
[2022-07-20 22:39:53] UStruct::PostConstructLink = 0x88
[2022-07-20 22:39:53] UStruct::UnresolvedScriptProperties = 0xA0
[2022-07-20 22:39:53] UStruct::MinAlignment = 0x5C
[2022-07-20 22:39:53] UStruct::PropertiesSize = 0x58
[2022-07-20 22:39:53] UStruct::PropertyLink = 0x70
[2022-07-20 22:39:53] UStruct::RefLink = 0x78
[2022-07-20 22:39:53] UStruct::Script = 0x60
[2022-07-20 22:39:53] UStruct::ScriptAndPropertyObjectReferences = 0x90
[2022-07-20 22:39:53] UStruct::SuperStruct = 0x40
[2022-07-20 22:39:53] UFunction::EventGraphCallOffset = 0xD0
[2022-07-20 22:39:53] UFunction::EventGraphFunction = 0xC8
[2022-07-20 22:39:53] UFunction::RPCId = 0xBA
[2022-07-20 22:39:53] UFunction::FirstPropertyToInit = 0xC0
[2022-07-20 22:39:53] UFunction::Func = 0xD8
[2022-07-20 22:39:53] UFunction::FunctionFlags = 0xB0
[2022-07-20 22:39:53] UFunction::NumParms = 0xB4
[2022-07-20 22:39:53] UFunction::ParmsSize = 0xB6
[2022-07-20 22:39:53] UFunction::RPCResponseId = 0xBC
[2022-07-20 22:39:53] UFunction::ReturnValueOffset = 0xB8
[2022-07-20 22:39:53] UField::Next = 0x28
[2022-07-20 22:39:53] FProperty::ArrayDim = 0x38
[2022-07-20 22:39:53] FProperty::DestructorLinkNext = 0x68
[2022-07-20 22:39:53] FProperty::ElementSize = 0x3C
[2022-07-20 22:39:53] FProperty::NextRef = 0x60
[2022-07-20 22:39:53] FProperty::Offset_Internal = 0x4C
[2022-07-20 22:39:53] FProperty::PostConstructLinkNext = 0x70
[2022-07-20 22:39:53] FProperty::PropertyLinkNext = 0x58
[2022-07-20 22:39:53] FProperty::PropertyFlags = 0x40
[2022-07-20 22:39:53] FProperty::RepIndex = 0x48
[2022-07-20 22:39:53] FProperty::RepNotifyFunc = 0x50
[2022-07-20 22:39:53] UWorld::bAllowAudioPlayback = 0x10E
[2022-07-20 22:39:53] UWorld::ActiveLevelCollectionIndex = 0x158
[2022-07-20 22:39:53] UWorld::AudioTimeSeconds = 0x5AC
[2022-07-20 22:39:53] UWorld::CommittedPersistentLevelName = 0x610
[2022-07-20 22:39:53] UWorld::bInTick = 0x10B
[2022-07-20 22:39:53] UWorld::CleanupWorldTag = 0x61C
[2022-07-20 22:39:53] UWorld::BuildStreamingDataTimer = 0x3D0
[2022-07-20 22:39:53] UWorld::bPlayersOnly = 0x10D
[2022-07-20 22:39:53] UWorld::DeltaTimeSeconds = 0x5B0
[2022-07-20 22:39:53] UWorld::ExtraReferencedObjects = 0x68
[2022-07-20 22:39:53] UWorld::LastTimeUnbuiltLightingWasEncountered = 0x598
[2022-07-20 22:39:53] UWorld::NextSwitchCountdown = 0x5DC
[2022-07-20 22:39:53] UWorld::bMaterialParameterCollectionInstanceNeedsDeferredUpdate = 0x10F
[2022-07-20 22:39:53] UWorld::RealTimeSeconds = 0x5A8
[2022-07-20 22:39:53] UWorld::NextURL = 0x5F0
[2022-07-20 22:39:53] UWorld::NumStreamingLevelsBeingLoaded = 0x5EA
[2022-07-20 22:39:53] UWorld::OriginOffsetThisFrame = 0x5D0
[2022-07-20 22:39:53] UWorld::PauseDelay = 0x5B4
[2022-07-20 22:39:53] UWorld::PerModuleDataObjects = 0x78
[2022-07-20 22:39:53] UWorld::bIsDefaultLevel = 0x10C
[2022-07-20 22:39:53] UWorld::PlayerNum = 0x558
[2022-07-20 22:39:53] UWorld::PreparingLevelNames = 0x600
[2022-07-20 22:39:53] UWorld::bAggressiveLOD = 0x10C
[2022-07-20 22:39:53] UWorld::StreamingLevelsPrefix = 0xC0
[2022-07-20 22:39:53] UWorld::bTriggerPostLoadMap = 0x10B
[2022-07-20 22:39:53] UWorld::bIsLevelStreamingFrozen = 0x10B
[2022-07-20 22:39:53] UWorld::StreamingVolumeUpdateDelay = 0x55C
[2022-07-20 22:39:53] UWorld::bIsBuilt = 0x10B
[2022-07-20 22:39:53] UWorld::TimeSeconds = 0x5A0
[2022-07-20 22:39:53] UWorld::UnpausedTimeSeconds = 0x5A4
[2022-07-20 22:39:53] UWorld::ViewLocationsRenderedLastFrame = 0xF8
[2022-07-20 22:39:53] UWorld::bActorsInitialized = 0x10C
[2022-07-20 22:39:53] UWorld::bIsTearingDown = 0x10D
[2022-07-20 22:39:53] UWorld::bAreConstraintsDirty = 0x10E
[2022-07-20 22:39:53] UWorld::bBegunPlay = 0x10D
[2022-07-20 22:39:53] UWorld::bDebugPauseExecution = 0x10D
[2022-07-20 22:39:53] UWorld::bDoDelayedUpdateCullDistanceVolumes = 0x10C
[2022-07-20 22:39:53] UWorld::bRequestedBlockOnAsyncLoading = 0x10C
[2022-07-20 22:39:53] UWorld::bDropDetail = 0x10C
[2022-07-20 22:39:53] UWorld::bMatchStarted = 0x10D
[2022-07-20 22:39:53] UWorld::bIsCameraMoveableWhenPaused = 0x10E
[2022-07-20 22:39:53] UWorld::bIsRunningConstructionScript = 0x10C
[2022-07-20 22:39:53] UWorld::bShouldSimulatePhysics = 0x10C
[2022-07-20 22:39:53] UWorld::bIsWorldInitialized = 0x10B
[2022-07-20 22:39:53] UWorld::bKismetScriptError = 0x10D
[2022-07-20 22:39:53] UWorld::bMarkedObjectsPendingKill = 0x618
[2022-07-20 22:39:53] UWorld::bWorldWasLoadedThisTick = 0x10B
[2022-07-20 22:39:53] UWorld::bPlayersOnlyPending = 0x10D
[2022-07-20 22:39:53] UWorld::bPostTickComponentUpdate = 0x10B
[2022-07-20 22:39:53] UWorld::bRequiresHitProxies = 0x10E
[2022-07-20 22:39:53] UWorld::bShouldForceUnloadStreamingLevels = 0x10E
[2022-07-20 22:39:53] UWorld::bShouldForceVisibleStreamingLevels = 0x10E
[2022-07-20 22:39:53] UWorld::bShouldTick = 0x10E
[2022-07-20 22:39:53] UWorld::bStartup = 0x10D
[2022-07-20 22:39:53] UWorld::bStreamingDataDirty = 0x10E
[2022-07-20 22:39:53] UWorld::bTickNewlySpawned = 0x10B
[2022-07-20 22:39:53] UClass::ClassConstructor = 0xB0
[2022-07-20 22:39:53] UClass::ClassAddReferencedObjects = 0xC0
[2022-07-20 22:39:53] UClass::bCooked = 0xC8
[2022-07-20 22:39:53] UClass::ClassConfigName = 0xE8
[2022-07-20 22:39:53] UClass::ClassDefaultObject = 0x118
[2022-07-20 22:39:53] UClass::ClassFlags = 0xCC
[2022-07-20 22:39:53] UClass::ClassGeneratedBy = 0xE0
[2022-07-20 22:39:53] UClass::ClassUnique = 0xC8
[2022-07-20 22:39:53] UClass::ClassVTableHelperCtorCaller = 0xB8
[2022-07-20 22:39:53] UClass::ClassWithin = 0xD8
[2022-07-20 22:39:53] UClass::FirstOwnedClassRep = 0x110
[2022-07-20 22:39:53] UClass::Interfaces = 0x1D8
[2022-07-20 22:39:53] UClass::NetFields = 0x100
[2022-07-20 22:39:53] UClass::SparseClassData = 0x120
[2022-07-20 22:39:53] UClass::SparseClassDataStruct = 0x128
[2022-07-20 22:39:53] UEnum::CppForm = 0x50
[2022-07-20 22:39:53] UEnum::CppType = 0x30
[2022-07-20 22:39:53] UEnum::EnumDisplayNameFn = 0x58
[2022-07-20 22:39:53] UEnum::Names = 0x40
[2022-07-20 22:39:53] UEnum::EnumFlags_Internal = 0x54
[2022-07-20 22:39:53] FObjectPropertyBase::PropertyClass = 0x78
[2022-07-20 22:39:53] FDelegateProperty::SignatureFunction = 0x78
[2022-07-20 22:39:53] FMulticastDelegateProperty::SignatureFunction = 0x78
[2022-07-20 22:39:53] FSetProperty::ElementProp = 0x78
[2022-07-20 22:39:53] FStructProperty::Struct = 0x78
[2022-07-20 22:39:53] FArrayProperty::Inner = 0x78
[2022-07-20 22:39:53] FMapProperty::KeyProp = 0x78
[2022-07-20 22:39:53] FMapProperty::ValueProp = 0x80
[2022-07-20 22:39:53] FBoolProperty::FieldMask = 0x7B
[2022-07-20 22:39:53] FBoolProperty::ByteMask = 0x7A
[2022-07-20 22:39:53] FBoolProperty::FieldSize = 0x78
[2022-07-20 22:39:53] FBoolProperty::ByteOffset = 0x79
[2022-07-20 22:39:53] FByteProperty::Enum = 0x78
[2022-07-20 22:39:53] FClassProperty::MetaClass = 0x80
[2022-07-20 22:39:53] FSoftClassProperty::MetaClass = 0x80
[2022-07-20 22:39:53] FInterfaceProperty::InterfaceClass = 0x78
[2022-07-20 22:39:53] FFieldPathProperty::PropertyClass = 0x78
[2022-07-20 22:39:53] 
##### MEMBER OFFSETS END #####

[2022-07-20 22:39:53] m_shared_functions: 0x7ffe0b9d2100
[2022-07-20 22:39:53] Setting up mods...
[2022-07-20 22:39:53] Starting mods...
[2022-07-20 22:39:53] Starting mod 'ObjectDumperMod'
[2022-07-20 22:39:53] Starting mod 'CXXHeaderGeneratorMod'
[2022-07-20 22:39:53] Starting mod 'UHTCompatibleHeaderGeneratorMod'
[2022-07-20 22:39:53] Starting mod 'CheatManagerEnablerMod'
[2022-07-20 22:39:53] Found mod 'ActorDumperMod' but can't start it because it's not enabled in mods.txt.
[2022-07-20 22:39:53] Starting mod 'ConsoleCommandsMod'
[2022-07-20 22:39:53] Starting mod 'ConsoleEnablerMod'
[2022-07-20 22:39:53] [Lua] ConsoleClass, GameViewport, or ViewportConsole is invalid
[2022-07-20 22:39:53] Event loop start
[2022-07-20 22:39:54] [Lua] [ConsoleEnabler] ConsoleKey[1]: F10
[2022-07-20 22:39:54] [Lua] [ConsoleEnabler] ConsoleKey[2]: ﾲ
[2022-07-20 22:39:54] [Lua] [ConsoleEnabler] ConsoleKey[3]: F10
[2022-07-20 22:39:54] [Lua] [CheatManager Creator] Constructed CheatManager [0x18707A936C0]
[2022-07-20 22:39:54] [Lua] [CheatManager Creator] Enabled CheatManager
