[2022-07-27 17:02:22] Console created
[2022-07-27 17:02:22] UE4SS - v1.3.3 Beta #0 - Build #3918
[2022-07-27 17:02:22] WITH_CASE_PRESERVING_NAME: No

[2022-07-27 17:02:22] No specific game configuration found, using default configuration file
[2022-07-27 17:02:22] Config: C:\Program Files (x86)\Steam\steamapps\common\Stray\Hk_project\Binaries\Win64\UE4SS-settings.ini

[2022-07-27 17:02:22] root directory: C:\Program Files (x86)\Steam\steamapps\common\Stray\Hk_project\Binaries\Win64
[2022-07-27 17:02:22] working directory: C:\Program Files (x86)\Steam\steamapps\common\Stray\Hk_project\Binaries\Win64
[2022-07-27 17:02:22] game executable directory: C:\Program Files (x86)\Steam\steamapps\common\Stray\Hk_project\Binaries\Win64
[2022-07-27 17:02:22] mods directory: C:\Program Files (x86)\Steam\steamapps\common\Stray\Hk_project\Binaries\Win64\Mods
[2022-07-27 17:02:22] log directory: C:\Program Files (x86)\Steam\steamapps\common\Stray\Hk_project\Binaries\Win64
[2022-07-27 17:02:22] object dumper directory: C:\Program Files (x86)\Steam\steamapps\common\Stray\Hk_project\Binaries\Win64


[2022-07-27 17:02:22] Deserialized FName::ToString address: 0x7ff6622ebd70
[2022-07-27 17:02:22] Deserialized StaticConstructObject_Internal address: 0x7ff6624da170
[2022-07-27 17:02:22] Deserialized FName::FName address: 0x7ff6622dec30
[2022-07-27 17:02:22] Deserialized GUObjectArray address: 0x7ff665f5ae40
[2022-07-27 17:02:22] Deserialized GMalloc address: 0x0
[2022-07-27 17:02:22] Need to construct: /Script/CoreUObject.Class
[2022-07-27 17:02:22] Need to construct: /Script/CoreUObject
[2022-07-27 17:02:22] Need to construct: /Script/CoreUObject.Struct
[2022-07-27 17:02:22] Need to construct: /Script/Engine.Pawn
[2022-07-27 17:02:22] Need to construct: /Script/Engine.Character
[2022-07-27 17:02:22] Need to construct: /Script/Engine.Actor
[2022-07-27 17:02:22] Need to construct: /Script/CoreUObject.Vector
[2022-07-27 17:02:22] Need to construct: /Script/Engine.Default__DefaultPawn
[2022-07-27 17:02:22] Need to construct: /Script/Engine.HitResult
[2022-07-27 17:02:22] Need to construct: /Script/Engine.Default__MaterialExpression
[2022-07-27 17:02:22] Need to construct: /Script/Engine.ActorComponent
[2022-07-27 17:02:22] Need to construct: /Script/CoreUObject.OrientedBox
[2022-07-27 17:02:22] Need to construct: /Script/Engine.MovementComponent
[2022-07-27 17:02:22] Need to construct: /Script/Engine.HUD
[2022-07-27 17:02:22] Need to construct: /Script/Engine.PlayerController
[2022-07-27 17:02:22] Need to construct: /Script/Engine.PlayerCameraManager
[2022-07-27 17:02:22] Need to construct: /Script/CoreUObject.EInterpCurveMode
[2022-07-27 17:02:22] Need to construct: /Script/Engine.ENetRole
[2022-07-27 17:02:22] Need to construct: /Script/MovieScene.MovieSceneEditorData
[2022-07-27 17:02:22] Need to construct: /Script/UMG.Widget
[2022-07-27 17:02:22] Need to construct: /Script/UMG.ComboBoxString
[2022-07-27 17:02:22] Need to construct: /Script/CoreUObject.Interface
[2022-07-27 17:02:22] Need to construct: /Script/CoreUObject.DynamicClass
[2022-07-27 17:02:23] Constructed [1 / 23]: /Script/CoreUObject.Class
[2022-07-27 17:02:23] Constructed [2 / 23]: /Script/CoreUObject
[2022-07-27 17:02:23] Constructed [3 / 23]: /Script/CoreUObject.Struct
[2022-07-27 17:02:23] Constructed [4 / 23]: /Script/Engine.Pawn
[2022-07-27 17:02:23] Constructed [5 / 23]: /Script/Engine.Character
[2022-07-27 17:02:23] Constructed [6 / 23]: /Script/Engine.Actor
[2022-07-27 17:02:23] Constructed [7 / 23]: /Script/Engine.ActorComponent
[2022-07-27 17:02:23] Constructed [8 / 23]: /Script/Engine.MovementComponent
[2022-07-27 17:02:23] Constructed [9 / 23]: /Script/Engine.HUD
[2022-07-27 17:02:23] Constructed [10 / 23]: /Script/Engine.PlayerController
[2022-07-27 17:02:23] Constructed [11 / 23]: /Script/Engine.PlayerCameraManager
[2022-07-27 17:02:23] Constructed [12 / 23]: /Script/UMG.Widget
[2022-07-27 17:02:23] Constructed [13 / 23]: /Script/UMG.ComboBoxString
[2022-07-27 17:02:23] Constructed [14 / 23]: /Script/CoreUObject.Interface
[2022-07-27 17:02:23] Constructed [15 / 23]: /Script/CoreUObject.DynamicClass
[2022-07-27 17:02:23] Constructed [16 / 23]: /Script/CoreUObject.Vector
[2022-07-27 17:02:23] Constructed [17 / 23]: /Script/Engine.HitResult
[2022-07-27 17:02:23] Constructed [18 / 23]: /Script/CoreUObject.OrientedBox
[2022-07-27 17:02:23] Constructed [19 / 23]: /Script/CoreUObject.EInterpCurveMode
[2022-07-27 17:02:23] Constructed [20 / 23]: /Script/Engine.ENetRole
[2022-07-27 17:02:23] Constructed [21 / 23]: /Script/MovieScene.MovieSceneEditorData
[2022-07-27 17:02:24] Constructed [22 / 23]: /Script/Engine.Default__DefaultPawn
[2022-07-27 17:02:24] Constructed [23 / 23]: /Script/Engine.Default__MaterialExpression
[2022-07-27 17:02:24] Constructed 23 of 23 objects
[2022-07-27 17:02:24] Post-initialization: GMalloc: 0x7ff665ed66b8 -> 0x1eaef9522d0
[2022-07-27 17:02:24] 
##### MEMBER OFFSETS START #####

[2022-07-27 17:02:24] UObjectBase::ClassPrivate = 0x10
[2022-07-27 17:02:24] UObjectBase::InternalIndex = 0xC
[2022-07-27 17:02:24] UObjectBase::ObjectFlags = 0x8
[2022-07-27 17:02:24] UObjectBase::NamePrivate = 0x18
[2022-07-27 17:02:24] UObjectBase::OuterPrivate = 0x20
[2022-07-27 17:02:24] UScriptStruct::StructFlags = 0xB0
[2022-07-27 17:02:24] UScriptStruct::CppStructOps = 0xB8
[2022-07-27 17:02:24] UScriptStruct::bPrepareCppStructOpsCompleted = 0xB4
[2022-07-27 17:02:24] UScriptStruct::ICppStructOps::Alignment = 0xC
[2022-07-27 17:02:24] UScriptStruct::ICppStructOps::Size = 0x8
[2022-07-27 17:02:24] FField::ClassPrivate = 0x8
[2022-07-27 17:02:24] FField::NamePrivate = 0x28
[2022-07-27 17:02:24] FField::FlagsPrivate = 0x30
[2022-07-27 17:02:24] FField::Next = 0x20
[2022-07-27 17:02:24] FField::Owner = 0x10
[2022-07-27 17:02:24] FOutputDevice::bAutoEmitLineTerminator = 0x9
[2022-07-27 17:02:24] FOutputDevice::bSuppressEventTag = 0x8
[2022-07-27 17:02:24] FEnumProperty::Enum = 0x80
[2022-07-27 17:02:24] FEnumProperty::UnderlyingProp = 0x78
[2022-07-27 17:02:24] UStruct::DestructorLink = 0x80
[2022-07-27 17:02:24] UStruct::Children = 0x48
[2022-07-27 17:02:24] UStruct::ChildProperties = 0x50
[2022-07-27 17:02:24] UStruct::PostConstructLink = 0x88
[2022-07-27 17:02:24] UStruct::UnresolvedScriptProperties = 0xA0
[2022-07-27 17:02:24] UStruct::MinAlignment = 0x5C
[2022-07-27 17:02:24] UStruct::PropertiesSize = 0x58
[2022-07-27 17:02:24] UStruct::PropertyLink = 0x70
[2022-07-27 17:02:24] UStruct::RefLink = 0x78
[2022-07-27 17:02:24] UStruct::Script = 0x60
[2022-07-27 17:02:24] UStruct::ScriptAndPropertyObjectReferences = 0x90
[2022-07-27 17:02:24] UStruct::SuperStruct = 0x40
[2022-07-27 17:02:24] UFunction::EventGraphCallOffset = 0xD0
[2022-07-27 17:02:24] UFunction::EventGraphFunction = 0xC8
[2022-07-27 17:02:24] UFunction::RPCId = 0xBA
[2022-07-27 17:02:24] UFunction::FirstPropertyToInit = 0xC0
[2022-07-27 17:02:24] UFunction::Func = 0xD8
[2022-07-27 17:02:24] UFunction::FunctionFlags = 0xB0
[2022-07-27 17:02:24] UFunction::NumParms = 0xB4
[2022-07-27 17:02:24] UFunction::ParmsSize = 0xB6
[2022-07-27 17:02:24] UFunction::RPCResponseId = 0xBC
[2022-07-27 17:02:24] UFunction::ReturnValueOffset = 0xB8
[2022-07-27 17:02:24] UField::Next = 0x28
[2022-07-27 17:02:24] FProperty::ArrayDim = 0x38
[2022-07-27 17:02:24] FProperty::DestructorLinkNext = 0x68
[2022-07-27 17:02:24] FProperty::ElementSize = 0x3C
[2022-07-27 17:02:24] FProperty::NextRef = 0x60
[2022-07-27 17:02:24] FProperty::Offset_Internal = 0x4C
[2022-07-27 17:02:24] FProperty::PostConstructLinkNext = 0x70
[2022-07-27 17:02:24] FProperty::PropertyLinkNext = 0x58
[2022-07-27 17:02:24] FProperty::PropertyFlags = 0x40
[2022-07-27 17:02:24] FProperty::RepIndex = 0x48
[2022-07-27 17:02:24] FProperty::RepNotifyFunc = 0x50
[2022-07-27 17:02:24] UWorld::bAllowAudioPlayback = 0x10E
[2022-07-27 17:02:24] UWorld::ActiveLevelCollectionIndex = 0x158
[2022-07-27 17:02:24] UWorld::AudioTimeSeconds = 0x5AC
[2022-07-27 17:02:24] UWorld::CommittedPersistentLevelName = 0x610
[2022-07-27 17:02:24] UWorld::bInTick = 0x10B
[2022-07-27 17:02:24] UWorld::CleanupWorldTag = 0x61C
[2022-07-27 17:02:24] UWorld::BuildStreamingDataTimer = 0x3D0
[2022-07-27 17:02:24] UWorld::bPlayersOnly = 0x10D
[2022-07-27 17:02:24] UWorld::DeltaTimeSeconds = 0x5B0
[2022-07-27 17:02:24] UWorld::ExtraReferencedObjects = 0x68
[2022-07-27 17:02:24] UWorld::LastTimeUnbuiltLightingWasEncountered = 0x598
[2022-07-27 17:02:24] UWorld::NextSwitchCountdown = 0x5DC
[2022-07-27 17:02:24] UWorld::bMaterialParameterCollectionInstanceNeedsDeferredUpdate = 0x10F
[2022-07-27 17:02:24] UWorld::RealTimeSeconds = 0x5A8
[2022-07-27 17:02:24] UWorld::NextURL = 0x5F0
[2022-07-27 17:02:24] UWorld::NumStreamingLevelsBeingLoaded = 0x5EA
[2022-07-27 17:02:24] UWorld::OriginOffsetThisFrame = 0x5D0
[2022-07-27 17:02:24] UWorld::PauseDelay = 0x5B4
[2022-07-27 17:02:24] UWorld::PerModuleDataObjects = 0x78
[2022-07-27 17:02:24] UWorld::bIsDefaultLevel = 0x10C
[2022-07-27 17:02:24] UWorld::PlayerNum = 0x558
[2022-07-27 17:02:24] UWorld::PreparingLevelNames = 0x600
[2022-07-27 17:02:24] UWorld::bAggressiveLOD = 0x10C
[2022-07-27 17:02:24] UWorld::StreamingLevelsPrefix = 0xC0
[2022-07-27 17:02:24] UWorld::bTriggerPostLoadMap = 0x10B
[2022-07-27 17:02:24] UWorld::bIsLevelStreamingFrozen = 0x10B
[2022-07-27 17:02:24] UWorld::StreamingVolumeUpdateDelay = 0x55C
[2022-07-27 17:02:24] UWorld::bIsBuilt = 0x10B
[2022-07-27 17:02:24] UWorld::TimeSeconds = 0x5A0
[2022-07-27 17:02:24] UWorld::UnpausedTimeSeconds = 0x5A4
[2022-07-27 17:02:24] UWorld::ViewLocationsRenderedLastFrame = 0xF8
[2022-07-27 17:02:24] UWorld::bActorsInitialized = 0x10C
[2022-07-27 17:02:24] UWorld::bIsTearingDown = 0x10D
[2022-07-27 17:02:24] UWorld::bAreConstraintsDirty = 0x10E
[2022-07-27 17:02:24] UWorld::bBegunPlay = 0x10D
[2022-07-27 17:02:24] UWorld::bDebugPauseExecution = 0x10D
[2022-07-27 17:02:24] UWorld::bDoDelayedUpdateCullDistanceVolumes = 0x10C
[2022-07-27 17:02:24] UWorld::bRequestedBlockOnAsyncLoading = 0x10C
[2022-07-27 17:02:24] UWorld::bDropDetail = 0x10C
[2022-07-27 17:02:24] UWorld::bMatchStarted = 0x10D
[2022-07-27 17:02:24] UWorld::bIsCameraMoveableWhenPaused = 0x10E
[2022-07-27 17:02:24] UWorld::bIsRunningConstructionScript = 0x10C
[2022-07-27 17:02:24] UWorld::bShouldSimulatePhysics = 0x10C
[2022-07-27 17:02:24] UWorld::bIsWorldInitialized = 0x10B
[2022-07-27 17:02:24] UWorld::bKismetScriptError = 0x10D
[2022-07-27 17:02:24] UWorld::bMarkedObjectsPendingKill = 0x618
[2022-07-27 17:02:24] UWorld::bWorldWasLoadedThisTick = 0x10B
[2022-07-27 17:02:24] UWorld::bPlayersOnlyPending = 0x10D
[2022-07-27 17:02:24] UWorld::bPostTickComponentUpdate = 0x10B
[2022-07-27 17:02:24] UWorld::bRequiresHitProxies = 0x10E
[2022-07-27 17:02:24] UWorld::bShouldForceUnloadStreamingLevels = 0x10E
[2022-07-27 17:02:24] UWorld::bShouldForceVisibleStreamingLevels = 0x10E
[2022-07-27 17:02:24] UWorld::bShouldTick = 0x10E
[2022-07-27 17:02:24] UWorld::bStartup = 0x10D
[2022-07-27 17:02:24] UWorld::bStreamingDataDirty = 0x10E
[2022-07-27 17:02:24] UWorld::bTickNewlySpawned = 0x10B
[2022-07-27 17:02:24] UClass::ClassConstructor = 0xB0
[2022-07-27 17:02:24] UClass::ClassAddReferencedObjects = 0xC0
[2022-07-27 17:02:24] UClass::bCooked = 0xC8
[2022-07-27 17:02:24] UClass::ClassConfigName = 0xE8
[2022-07-27 17:02:24] UClass::ClassDefaultObject = 0x118
[2022-07-27 17:02:24] UClass::ClassFlags = 0xCC
[2022-07-27 17:02:24] UClass::ClassGeneratedBy = 0xE0
[2022-07-27 17:02:24] UClass::ClassUnique = 0xC8
[2022-07-27 17:02:24] UClass::ClassVTableHelperCtorCaller = 0xB8
[2022-07-27 17:02:24] UClass::ClassWithin = 0xD8
[2022-07-27 17:02:24] UClass::FirstOwnedClassRep = 0x110
[2022-07-27 17:02:24] UClass::Interfaces = 0x1D8
[2022-07-27 17:02:24] UClass::NetFields = 0x100
[2022-07-27 17:02:24] UClass::SparseClassData = 0x120
[2022-07-27 17:02:24] UClass::SparseClassDataStruct = 0x128
[2022-07-27 17:02:24] UEnum::CppForm = 0x50
[2022-07-27 17:02:24] UEnum::CppType = 0x30
[2022-07-27 17:02:24] UEnum::EnumDisplayNameFn = 0x58
[2022-07-27 17:02:24] UEnum::Names = 0x40
[2022-07-27 17:02:24] UEnum::EnumFlags_Internal = 0x54
[2022-07-27 17:02:24] FObjectPropertyBase::PropertyClass = 0x78
[2022-07-27 17:02:24] FDelegateProperty::SignatureFunction = 0x78
[2022-07-27 17:02:24] FMulticastDelegateProperty::SignatureFunction = 0x78
[2022-07-27 17:02:24] FSetProperty::ElementProp = 0x78
[2022-07-27 17:02:24] FStructProperty::Struct = 0x78
[2022-07-27 17:02:24] FArrayProperty::Inner = 0x78
[2022-07-27 17:02:24] FMapProperty::KeyProp = 0x78
[2022-07-27 17:02:24] FMapProperty::ValueProp = 0x80
[2022-07-27 17:02:24] FBoolProperty::FieldMask = 0x7B
[2022-07-27 17:02:24] FBoolProperty::ByteMask = 0x7A
[2022-07-27 17:02:24] FBoolProperty::FieldSize = 0x78
[2022-07-27 17:02:24] FBoolProperty::ByteOffset = 0x79
[2022-07-27 17:02:24] FByteProperty::Enum = 0x78
[2022-07-27 17:02:24] FClassProperty::MetaClass = 0x80
[2022-07-27 17:02:24] FSoftClassProperty::MetaClass = 0x80
[2022-07-27 17:02:24] FInterfaceProperty::InterfaceClass = 0x78
[2022-07-27 17:02:24] FFieldPathProperty::PropertyClass = 0x78
[2022-07-27 17:02:24] 
##### MEMBER OFFSETS END #####

[2022-07-27 17:02:24] m_shared_functions: 0x7ffe3b522100
[2022-07-27 17:02:24] Setting up mods...
[2022-07-27 17:02:24] Starting mods...
[2022-07-27 17:02:24] Starting mod 'ObjectDumperMod'
[2022-07-27 17:02:24] Starting mod 'CXXHeaderGeneratorMod'
[2022-07-27 17:02:24] Starting mod 'UHTCompatibleHeaderGeneratorMod'
[2022-07-27 17:02:24] Starting mod 'CheatManagerEnablerMod'
[2022-07-27 17:02:24] Found mod 'ActorDumperMod' but can't start it because it's not enabled in mods.txt.
[2022-07-27 17:02:24] Starting mod 'ConsoleCommandsMod'
[2022-07-27 17:02:24] Starting mod 'ConsoleEnablerMod'
[2022-07-27 17:02:24] [Lua] ConsoleClass, GameViewport, or ViewportConsole is invalid
[2022-07-27 17:02:24] Event loop start
[2022-07-27 17:02:25] [Lua] [CheatManager Creator] Constructed CheatManager [0x1EA93B6AD80]
[2022-07-27 17:02:25] [Lua] [CheatManager Creator] Enabled CheatManager
[2022-07-27 17:02:41] [Lua] [CheatManager Creator] Constructed CheatManager [0x1EA952C2720]
[2022-07-27 17:02:41] [Lua] [CheatManager Creator] Enabled CheatManager
[2022-07-27 17:02:44] Generating UHT compatible headers...
[2022-07-27 17:02:44] Cleaning up previously generated SDK (if one exists)
[2022-07-27 17:02:44] Initializing native packages dump
[2022-07-27 17:02:44] Gathering native objects for dumping
[2022-07-27 17:02:44] Attempting to dump 2774 native classes
[2022-07-27 17:02:44] Unhandled default value of the FObjectProperty ObjectProperty /Script/ToyoToolRuntime.ToyoActor:PhysicalMaterial: PhysicalMaterial /Game/Misc/materials/toyo.toyo
[2022-07-27 17:02:45] Unhandled default value of the FClassProperty ClassProperty /Script/MagicLeapARPin.MagicLeapARPinRenderer:ClassToSpawn: BlueprintGeneratedClass /MagicLeapPassableWorld/MagicLeapARPinInfoActor.MagicLeapARPinInfoActor_C
[2022-07-27 17:02:45] Unhandled default value of the FObjectProperty ObjectProperty /Script/PhysXVehicles.VehicleWheel:CollisionMesh: StaticMesh /Engine/EngineMeshes/Cylinder.Cylinder
[2022-07-27 17:02:45] Unhandled default value of the FObjectProperty ObjectProperty /Script/AugmentedReality.ARSessionConfig:DefaultMeshMaterial: Material /Engine/EngineMaterials/WorldGridMaterial.WorldGridMaterial
[2022-07-27 17:02:45] Unhandled default value of the FObjectProperty ObjectProperty /Script/AugmentedReality.ARSessionConfig:DefaultWireframeMeshMaterial: Material /Engine/EngineMaterials/WorldGridMaterial.WorldGridMaterial
[2022-07-27 17:02:45] Unhandled default value of the FObjectProperty ObjectProperty /Script/UMG.WidgetComponent:TranslucentMaterial: MaterialInstanceConstant /Engine/EngineMaterials/Widget3DPassThrough_Translucent.Widget3DPassThrough_Translucent
[2022-07-27 17:02:45] Unhandled default value of the FObjectProperty ObjectProperty /Script/UMG.WidgetComponent:TranslucentMaterial_OneSided: MaterialInstanceConstant /Engine/EngineMaterials/Widget3DPassThrough_Translucent_OneSided.Widget3DPassThrough_Translucent_OneSided
[2022-07-27 17:02:45] Unhandled default value of the FObjectProperty ObjectProperty /Script/UMG.WidgetComponent:OpaqueMaterial: MaterialInstanceConstant /Engine/EngineMaterials/Widget3DPassThrough_Opaque.Widget3DPassThrough_Opaque
[2022-07-27 17:02:45] Unhandled default value of the FObjectProperty ObjectProperty /Script/UMG.WidgetComponent:OpaqueMaterial_OneSided: MaterialInstanceConstant /Engine/EngineMaterials/Widget3DPassThrough_Opaque_OneSided.Widget3DPassThrough_Opaque_OneSided
[2022-07-27 17:02:45] Unhandled default value of the FObjectProperty ObjectProperty /Script/UMG.WidgetComponent:MaskedMaterial: MaterialInstanceConstant /Engine/EngineMaterials/Widget3DPassThrough_Masked.Widget3DPassThrough_Masked
[2022-07-27 17:02:45] Unhandled default value of the FObjectProperty ObjectProperty /Script/UMG.WidgetComponent:MaskedMaterial_OneSided: MaterialInstanceConstant /Engine/EngineMaterials/Widget3DPassThrough_Masked_OneSided.Widget3DPassThrough_Masked_OneSided
[2022-07-27 17:02:45] Unhandled default value of the FObjectProperty ObjectProperty /Script/GeometryCollectionEngine.GeometryCollectionRenderLevelSetActor:TargetVolumeTexture: VolumeTexture /Engine/EngineDebugMaterials/VolumeToRender.VolumeToRender
[2022-07-27 17:02:45] Unhandled default value of the FObjectProperty ObjectProperty /Script/GeometryCollectionEngine.GeometryCollectionRenderLevelSetActor:RayMarchMaterial: Material /Engine/EngineDebugMaterials/M_VolumeRenderSphereTracePP.M_VolumeRenderSphereTracePP
[2022-07-27 17:02:46] Unhandled default value of the FObjectProperty ObjectProperty /Script/InteractiveToolsFramework.InteractiveGizmo:InputBehaviors: InputBehaviorSet /Script/InteractiveToolsFramework.Default__InteractiveGizmo:GizmoInputBehaviors
[2022-07-27 17:02:46] Unhandled default value of the FObjectProperty ObjectProperty /Script/InteractiveToolsFramework.InteractiveTool:InputBehaviors: InputBehaviorSet /Script/InteractiveToolsFramework.Default__InteractiveTool:InputBehaviors
[2022-07-27 17:02:46] Unhandled default value of the FObjectProperty ObjectProperty /Script/InteractiveToolsFramework.InputRouter:ActiveInputBehaviors: InputBehaviorSet /Script/InteractiveToolsFramework.Default__InputRouter:InputBehaviors
[2022-07-27 17:02:46] Attempting to dump 1814 native structs
[2022-07-27 17:02:47] Attempting to dump 1135 native enums
[2022-07-27 17:02:47] Writing stub module build files for 132 modules
[2022-07-27 17:02:47] Done!
[2022-07-27 17:02:47] Generating UHT compatible headers took 3.0968397 seconds
[2022-07-27 17:03:07] Loading all assets...
[2022-07-27 17:03:22] Loading all assets took 15.3244624 seconds
[2022-07-27 17:03:22] Cleaning up old SDK files...
[2022-07-27 17:03:22] Generating SDK...
[2022-07-27 17:03:22] File name collision, renamed to 'Cylinder_DUPL_1'
[2022-07-27 17:03:22] File name collision, renamed to 'BinkMediaPlayer_DUPL_1'
[2022-07-27 17:03:22] File name collision, renamed to 'RobotoTiny_DUPL_1'
[2022-07-27 17:03:22] File name collision, renamed to 'Mouse_WheelVertical_DUPL_1'
[2022-07-27 17:03:22] File name collision, renamed to 'Mouse_WheelVertical_DUPL_2'
[2022-07-27 17:03:22] File name collision, renamed to 'Mouse_WheelUp_DUPL_1'
[2022-07-27 17:03:22] File name collision, renamed to 'Mouse_WheelUp_DUPL_2'
[2022-07-27 17:03:22] File name collision, renamed to 'Mouse_WheelDown_DUPL_1'
[2022-07-27 17:03:22] File name collision, renamed to 'Mouse_WheelDown_DUPL_2'
[2022-07-27 17:03:22] File name collision, renamed to 'Mouse_RightButton_DUPL_1'
[2022-07-27 17:03:22] File name collision, renamed to 'Mouse_RightButton_DUPL_2'
[2022-07-27 17:03:22] File name collision, renamed to 'Mouse_MiddleButton_DUPL_1'
[2022-07-27 17:03:22] File name collision, renamed to 'Mouse_MiddleButton_DUPL_2'
[2022-07-27 17:03:22] File name collision, renamed to 'Mouse_LeftButton_DUPL_1'
[2022-07-27 17:03:22] File name collision, renamed to 'Mouse_LeftButton_DUPL_2'
[2022-07-27 17:03:22] File name collision, renamed to 'PS5_Options_DUPL_1'
[2022-07-27 17:03:22] File name collision, renamed to 'XBOX_Start_DUPL_1'
[2022-07-27 17:03:22] File name collision, renamed to 'PS5_Touchpad_DUPL_1'
[2022-07-27 17:03:22] File name collision, renamed to 'XBOX_Select_DUPL_1'
[2022-07-27 17:03:22] File name collision, renamed to 'PS5_R2_DUPL_1'
[2022-07-27 17:03:22] File name collision, renamed to 'Switch_ZR_DUPL_1'
[2022-07-27 17:03:22] File name collision, renamed to 'XBOX_RT_DUPL_1'
[2022-07-27 17:03:22] File name collision, renamed to 'PS5_RightStick_Vertical_DUPL_1'
[2022-07-27 17:03:22] File name collision, renamed to 'PS5_RightStick_Up_DUPL_1'
[2022-07-27 17:03:22] File name collision, renamed to 'PS5_RightStick_Right_DUPL_1'
[2022-07-27 17:03:22] File name collision, renamed to 'PS5_RightStick_Pressed_DUPL_1'
[2022-07-27 17:03:22] File name collision, renamed to 'PS5_RightStick_Left_DUPL_1'
[2022-07-27 17:03:22] File name collision, renamed to 'PS5_RightStick_Horizontal_DUPL_1'
[2022-07-27 17:03:22] File name collision, renamed to 'PS5_RightStick_Down_DUPL_1'
[2022-07-27 17:03:22] File name collision, renamed to 'PS5_RightStick_DUPL_1'
[2022-07-27 17:03:22] File name collision, renamed to 'PS5_R1_DUPL_1'
[2022-07-27 17:03:22] File name collision, renamed to 'Switch_R_DUPL_1'
[2022-07-27 17:03:22] File name collision, renamed to 'XBOX_RB_DUPL_1'
[2022-07-27 17:03:22] File name collision, renamed to 'PS5_L2_DUPL_1'
[2022-07-27 17:03:22] File name collision, renamed to 'Switch_ZL_DUPL_1'
[2022-07-27 17:03:22] File name collision, renamed to 'XBOX_LT_DUPL_1'
[2022-07-27 17:03:22] File name collision, renamed to 'PS5_LeftStick_Vertical_DUPL_1'
[2022-07-27 17:03:22] File name collision, renamed to 'PS5_LeftStick_Up_DUPL_1'
[2022-07-27 17:03:22] File name collision, renamed to 'PS5_LeftStick_Right_DUPL_1'
[2022-07-27 17:03:22] File name collision, renamed to 'PS5_LeftStick_Pressed_DUPL_1'
[2022-07-27 17:03:22] File name collision, renamed to 'PS5_LeftStick_Left_DUPL_1'
[2022-07-27 17:03:22] File name collision, renamed to 'PS5_LeftStick_Horizontal_DUPL_1'
[2022-07-27 17:03:22] File name collision, renamed to 'PS5_LeftStick_Down_DUPL_1'
[2022-07-27 17:03:22] File name collision, renamed to 'PS5_LeftStick_DUPL_1'
[2022-07-27 17:03:22] File name collision, renamed to 'PS5_L1_DUPL_1'
[2022-07-27 17:03:22] File name collision, renamed to 'Switch_L_DUPL_1'
[2022-07-27 17:03:22] File name collision, renamed to 'XBOX_LB_DUPL_1'
[2022-07-27 17:03:22] File name collision, renamed to 'PS5_Triangle_DUPL_1'
[2022-07-27 17:03:22] File name collision, renamed to 'Xbox_Y_DUPL_1'
[2022-07-27 17:03:22] File name collision, renamed to 'PS5_Circle_DUPL_1'
[2022-07-27 17:03:22] File name collision, renamed to 'Xbox_B_DUPL_1'
[2022-07-27 17:03:22] File name collision, renamed to 'PS5_Square_DUPL_1'
[2022-07-27 17:03:22] File name collision, renamed to 'XBox_X_DUPL_1'
[2022-07-27 17:03:22] File name collision, renamed to 'XBox_A_DUPL_1'
[2022-07-27 17:03:22] File name collision, renamed to 'PS5_Cross_DUPL_1'
[2022-07-27 17:03:22] File name collision, renamed to 'PS5_Dpad_Up_DUPL_1'
[2022-07-27 17:03:22] File name collision, renamed to 'PS5_Dpad_Right_DUPL_1'
[2022-07-27 17:03:22] File name collision, renamed to 'PS5_Dpad_Left_DUPL_1'
[2022-07-27 17:03:22] File name collision, renamed to 'PS5_Dpad_Down_DUPL_1'
[2022-07-27 17:03:22] File name collision, renamed to 'FlipBook_DUPL_1'
[2022-07-27 17:03:22] File name collision, renamed to 'Sphere_DUPL_1'
[2022-07-27 17:03:22] File name collision, renamed to 'WhiteSquareTexture_DUPL_1'
[2022-07-27 17:03:22] File name collision, renamed to 'Zurg_SSS_DUPL_1'
[2022-07-27 17:03:22] File name collision, renamed to 'Cube_DUPL_1'
[2022-07-27 17:03:22] File name collision, renamed to 'LOOT_Broken_Tracker_DUPL_1'
[2022-07-27 17:03:22] File name collision, renamed to 'Poster01_D_DUPL_1'
[2022-07-27 17:03:22] File name collision, renamed to 'Postit_clue_01_DUPL_1'
[2022-07-27 17:03:22] File name collision, renamed to 'postit_clue_01_DUPL_2'
[2022-07-27 17:03:22] File name collision, renamed to 'LOOT_Notebook_Momo_DUPL_1'
[2022-07-27 17:03:22] File name collision, renamed to 'LOOT_Notebook_Gerard_DUPL_1'
[2022-07-27 17:03:22] File name collision, renamed to 'LOOT_Notebook_Doc_DUPL_1'
[2022-07-27 17:03:22] File name collision, renamed to 'MI_Glass_DUPL_1'
[2022-07-27 17:03:22] File name collision, renamed to 'LOOT_Notebook_Clem_DUPL_1'
[2022-07-27 17:03:22] File name collision, renamed to 'LOOT_Keys_SlumLibrary_DUPL_1'
[2022-07-27 17:03:22] File name collision, renamed to 'LOOT_Energy_Drink_DUPL_1'
[2022-07-27 17:03:22] File name collision, renamed to 'LOOT_Eliott_Poncho_DUPL_1'
[2022-07-27 17:03:22] File name collision, renamed to 'LOOT_Electric_Cable_DUPL_1'
[2022-07-27 17:03:22] File name collision, renamed to 'LOOT_To_Club_DUPL_1'
[2022-07-27 17:03:22] File name collision, renamed to 'LOOT_Tape_DUPL_1'
[2022-07-27 17:03:22] File name collision, renamed to 'LOOT_Subway_Keys_DUPL_1'
[2022-07-27 17:03:22] File name collision, renamed to 'LOOT_Rikonium_DUPL_1'
[2022-07-27 17:03:22] File name collision, renamed to 'LOOT_LeverArm_DUPL_1'
[2022-07-27 17:03:22] File name collision, renamed to 'LOOT_Jacket_DUPL_1'
[2022-07-27 17:03:22] File name collision, renamed to 'LOOT_Helmet_DUPL_1'
[2022-07-27 17:03:22] File name collision, renamed to 'LOOT_factory_lostkeys_DUPL_1'
[2022-07-27 17:03:22] File name collision, renamed to 'LOOT_ClubDrink_DUPL_1'
[2022-07-27 17:03:22] File name collision, renamed to 'LOOT_Clementine_Adress_DUPL_1'
[2022-07-27 17:03:22] File name collision, renamed to 'clem_adress_DUPL_1'
[2022-07-27 17:03:22] File name collision, renamed to 'LOOT_BlazerMessage_DUPL_1'
[2022-07-27 17:03:22] File name collision, renamed to 'LOOT_Keys_B12Flat_DUPL_1'
[2022-07-27 17:03:22] File name collision, renamed to 'PostCard_DUPL_1'
[2022-07-27 17:03:22] File name collision, renamed to 'LOOT_Plant_yellow_DUPL_1'
[2022-07-27 17:03:22] File name collision, renamed to 'LOOT_Plant_red_DUPL_1'
[2022-07-27 17:03:22] File name collision, renamed to 'LOOT_Plant_mauve_DUPL_1'
[2022-07-27 17:03:22] File name collision, renamed to 'black_DUPL_1'
[2022-07-27 17:03:22] File name collision, renamed to 'B12_DUPL_1'
[2022-07-27 17:03:22] File name collision, renamed to 'CAT_PlayingWithCat01_DUPL_1'
[2022-07-27 17:03:22] File name collision, renamed to 'CAT_PlayingWithTail01_DUPL_1'
[2022-07-27 17:03:22] File name collision, renamed to 'idle01_DUPL_1'
[2022-07-27 17:03:22] File name collision, renamed to 'Digicode_DUPL_1'
[2022-07-27 17:03:22] File name collision, renamed to 'digicode_NM_DUPL_1'
[2022-07-27 17:03:22] File name collision, renamed to 'digicode_LP_DUPL_1'
[2022-07-27 17:03:22] File name collision, renamed to 'digicode_D_DUPL_1'
[2022-07-27 17:03:22] File name collision, renamed to 'Drone_StaticMesh_DUPL_1'
[2022-07-27 17:03:22] File name collision, renamed to 'Cylinder_DUPL_2'
[2022-07-27 17:03:22] File name collision, renamed to 'Base_Textures_Inst_DUPL_1'
[2022-07-27 17:03:22] File name collision, renamed to 'Sphere_DUPL_2'
[2022-07-27 17:03:22] File name collision, renamed to 'CAT_Body_D_DUPL_1'
[2022-07-27 17:03:22] File name collision, renamed to 'CAT_Head_D_DUPL_1'
[2022-07-27 17:03:22] File name collision, renamed to 'CAT_Body_D_DUPL_2'
[2022-07-27 17:03:22] File name collision, renamed to 'CAT_Head_D_DUPL_2'
[2022-07-27 17:03:22] File name collision, renamed to 'MI_DroidScreen_Idle01_DUPL_1'
[2022-07-27 17:03:22] File name collision, renamed to 'MI_Fiber_DUPL_1'
[2022-07-27 17:03:22] File name collision, renamed to 'MI_Fiber1_DUPL_1'
[2022-07-27 17:03:22] File name collision, renamed to 'DROID_Lying_Dead01_Loop_DUPL_1'
[2022-07-27 17:03:22] File name collision, renamed to 'DROID_Lying_Dead02_Loop_DUPL_1'
[2022-07-27 17:03:22] File name collision, renamed to 'MI_DroidScreen_talk_DUPL_1'
[2022-07-27 17:03:22] File name collision, renamed to 'MI_DroidScreen_Idle02_DUPL_1'
[2022-07-27 17:03:22] File name collision, renamed to 'MI_DroidScreen_Idle01_DUPL_2'
[2022-07-27 17:03:22] File name collision, renamed to 'MI_DroidScreen_Talk_DUPL_2'
[2022-07-27 17:03:22] File name collision, renamed to 'MI_DroidScreen_Idle01_DUPL_3'
[2022-07-27 17:03:22] File name collision, renamed to 'MI_DroidScreen_Talk_DUPL_3'
[2022-07-27 17:03:22] File name collision, renamed to 'MI_DroidScreen_Idle01_DUPL_4'
[2022-07-27 17:03:22] File name collision, renamed to 'MI_DroidScreen_Love_DUPL_1'
[2022-07-27 17:03:22] File name collision, renamed to 'MI_DroidScreen_Talk_DUPL_4'
[2022-07-27 17:03:22] File name collision, renamed to 'MI_DroidScreen_Idle01_DUPL_5'
[2022-07-27 17:03:22] File name collision, renamed to 'MI_DroidScreen_shocked_DUPL_1'
[2022-07-27 17:03:22] File name collision, renamed to 'MI_DroidScreen_Talk_DUPL_5'
[2022-07-27 17:03:22] File name collision, renamed to 'MI_DroidScreen_Idle01_DUPL_6'
[2022-07-27 17:03:22] File name collision, renamed to 'MI_DroidScreen_love_DUPL_2'
[2022-07-27 17:03:22] File name collision, renamed to 'MI_DroidScreen_Talk_DUPL_6'
[2022-07-27 17:03:22] File name collision, renamed to 'MI_DroidScreen_Idle01_DUPL_7'
[2022-07-27 17:03:22] File name collision, renamed to 'MI_DroidScreen_shocked_DUPL_2'
[2022-07-27 17:03:22] File name collision, renamed to 'MI_DroidScreen_Talk_DUPL_7'
[2022-07-27 17:03:22] File name collision, renamed to 'Droid_D_DUPL_1'
[2022-07-27 17:03:22] File name collision, renamed to 'M_screen_off_DUPL_1'
[2022-07-27 17:03:22] File name collision, renamed to 'M_eye_drone_DUPL_1'
[2022-07-27 17:03:22] File name collision, renamed to 'MI_Glass2_DUPL_1'
[2022-07-27 17:03:22] File name collision, renamed to 'M_eye2_DUPL_1'
[2022-07-27 17:03:22] File name collision, renamed to 'MI_Pom_Grid_04_DUPL_1'
[2022-07-27 17:03:22] File name collision, renamed to 'MI_Pom_Grid_03_DUPL_1'
[2022-07-27 17:03:22] File name collision, renamed to 'MI_Pom_Grid_02_DUPL_1'
[2022-07-27 17:03:22] File name collision, renamed to 'MI_Pom_Grid_01_DUPL_1'
[2022-07-27 17:03:22] File name collision, renamed to 'Base_Textures_Inst_DUPL_2'
[2022-07-27 17:03:22] File name collision, renamed to 'M_Frise_cd2_Inst_DUPL_1'
[2022-07-27 17:03:22] File name collision, renamed to 'Slum_Codeur_Bat_00_DUPL_1'
[2022-07-27 17:03:22] File name collision, renamed to 'Slum_Codeur_Bat_01_DUPL_1'
[2022-07-27 17:03:22] File name collision, renamed to 'Slum_Codeur_Bat_roof_DUPL_1'
[2022-07-27 17:03:22] File name collision, renamed to 'NEW_Module_Kowloon_550_A_00_DUPL_1'
[2022-07-27 17:03:22] File name collision, renamed to 'NEW_Module_Kowloon_550_A_01_DUPL_1'
[2022-07-27 17:03:22] File name collision, renamed to 'NEW_Module_Kowloon_550_A_02_DUPL_1'
[2022-07-27 17:03:22] File name collision, renamed to 'NEW_Module_Kowloon_550_A_03_DUPL_1'
[2022-07-27 17:03:22] File name collision, renamed to 'NEW_Module_Kowloon_550_A_04_DUPL_1'
[2022-07-27 17:03:22] File name collision, renamed to 'New_Module_Kowloon_550_A_05_DUPL_1'
[2022-07-27 17:03:22] File name collision, renamed to 'New_Module_Kowloon_550_A_06_DUPL_1'
[2022-07-27 17:03:22] File name collision, renamed to 'NEW_Module_Kowloon_550_A_07_DUPL_1'
[2022-07-27 17:03:22] File name collision, renamed to 'NEW_Module_Kowloon_550_B_00_DUPL_1'
[2022-07-27 17:03:22] File name collision, renamed to 'NEW_Module_Kowloon_550_B_01_DUPL_1'
[2022-07-27 17:03:22] File name collision, renamed to 'NEW_Module_Kowloon_550_B_02_DUPL_1'
[2022-07-27 17:03:22] File name collision, renamed to 'NEW_Module_Kowloon_550_B_03_DUPL_1'
[2022-07-27 17:03:22] File name collision, renamed to 'NEW_Module_Kowloon_550_B_04_DUPL_1'
[2022-07-27 17:03:22] File name collision, renamed to 'NEW_Module_Kowloon_550_B_05_DUPL_1'
[2022-07-27 17:03:22] File name collision, renamed to 'NEW_Module_Kowloon_550_B_06_DUPL_1'
[2022-07-27 17:03:22] File name collision, renamed to 'NEW_Module_Kowloon_550_B_07_DUPL_1'
[2022-07-27 17:03:22] File name collision, renamed to 'NEW_Module_Kowloon_550_B_08_DUPL_1'
[2022-07-27 17:03:22] File name collision, renamed to 'NEW_Module_Kowloon_550_B_09_DUPL_1'
[2022-07-27 17:03:22] File name collision, renamed to 'NEW_Module_Kowloon_550_B_10_DUPL_1'
[2022-07-27 17:03:22] File name collision, renamed to 'NEW_Module_Kowloon_550_C_00_DUPL_1'
[2022-07-27 17:03:22] File name collision, renamed to 'NEW_Module_Kowloon_550_C_01_DUPL_1'
[2022-07-27 17:03:22] File name collision, renamed to 'New_Module_Kowloon_550_C_02_DUPL_1'
[2022-07-27 17:03:22] File name collision, renamed to 'New_Module_Kowloon_550_C_03_DUPL_1'
[2022-07-27 17:03:22] File name collision, renamed to 'New_Module_Kowloon_550_C_04_DUPL_1'
[2022-07-27 17:03:22] File name collision, renamed to 'New_Module_Kowloon_550_C_05_DUPL_1'
[2022-07-27 17:03:22] File name collision, renamed to 'NEW_Module_Kowloon_800_A_07_DUPL_1'
[2022-07-27 17:03:22] File name collision, renamed to 'NEW_Module_Kowloon_800_C_03_DUPL_1'
[2022-07-27 17:03:22] File name collision, renamed to 'NEW_Module_Kowloon_800_C_04_DUPL_1'
[2022-07-27 17:03:22] File name collision, renamed to 'NEW_Module_Kowloon_800_C_05_DUPL_1'
[2022-07-27 17:03:22] File name collision, renamed to 'NEW_Module_Kowloon_800_C_06_DUPL_1'
[2022-07-27 17:03:22] File name collision, renamed to 'New_Module_Kowloon_RDC_550_250_A_00_DUPL_1'
[2022-07-27 17:03:22] File name collision, renamed to 'New_Module_Kowloon_RDC_550_250_A_01_DUPL_1'
[2022-07-27 17:03:22] File name collision, renamed to 'New_Module_Kowloon_RDC_550_250_A_02_DUPL_1'
[2022-07-27 17:03:22] File name collision, renamed to 'New_Module_Kowloon_RDC_550_250_B_00_DUPL_1'
[2022-07-27 17:03:22] File name collision, renamed to 'New_Module_Kowloon_RDC_550_250_B_01_DUPL_1'
[2022-07-27 17:03:22] File name collision, renamed to 'New_Module_Kowloon_RDC_550_250_B_02_DUPL_1'
[2022-07-27 17:03:22] File name collision, renamed to 'New_Module_Kowloon_RDC_550_350_A_00_DUPL_1'
[2022-07-27 17:03:22] File name collision, renamed to 'New_Module_Kowloon_RDC_550_350_A_01_DUPL_1'
[2022-07-27 17:03:22] File name collision, renamed to 'New_Module_Kowloon_RDC_550_350_A_02_DUPL_1'
[2022-07-27 17:03:22] File name collision, renamed to 'New_Module_Kowloon_RDC_550_350_B_00_DUPL_1'
[2022-07-27 17:03:22] File name collision, renamed to 'New_Module_Kowloon_RDC_550_350_B_01_DUPL_1'
[2022-07-27 17:03:22] File name collision, renamed to 'New_Module_Kowloon_RDC_550_350_B_02_DUPL_1'
[2022-07-27 17:03:22] File name collision, renamed to 'New_Module_Kowloon_RDC_550_350_C_00_DUPL_1'
[2022-07-27 17:03:22] File name collision, renamed to 'New_Module_Kowloon_RDC_550_350_C_01_DUPL_1'
[2022-07-27 17:03:22] File name collision, renamed to 'New_Module_Kowloon_RDC_550_500_A_00_DUPL_1'
[2022-07-27 17:03:22] File name collision, renamed to 'New_Module_Kowloon_RDC_550_500_A_01_DUPL_1'
[2022-07-27 17:03:22] File name collision, renamed to 'New_Module_Kowloon_RDC_550_500_A_02_DUPL_1'
[2022-07-27 17:03:22] File name collision, renamed to 'New_Module_Kowloon_RDC_550_500_B_00_DUPL_1'
[2022-07-27 17:03:22] File name collision, renamed to 'New_Module_Kowloon_RDC_550_500_B_01_DUPL_1'
[2022-07-27 17:03:22] File name collision, renamed to 'New_Module_Kowloon_RDC_550_500_B_02_DUPL_1'
[2022-07-27 17:03:22] File name collision, renamed to 'NEW_Module_Kowloon_RDC_800_250_A_01_DUPL_1'
[2022-07-27 17:03:22] File name collision, renamed to 'NEW_Module_Kowloon_RDC_800_250_A_02_DUPL_1'
[2022-07-27 17:03:22] File name collision, renamed to 'NEW_Module_Kowloon_RDC_800_250_B_01_DUPL_1'
[2022-07-27 17:03:22] File name collision, renamed to 'NEW_Module_Kowloon_RDC_800_350_A_00_DUPL_1'
[2022-07-27 17:03:22] File name collision, renamed to 'NEW_Module_Kowloon_RDC_800_350_A_01_DUPL_1'
[2022-07-27 17:03:22] File name collision, renamed to 'NEW_Module_Kowloon_RDC_800_350_B_00_DUPL_1'
[2022-07-27 17:03:22] File name collision, renamed to 'NEW_Module_Kowloon_RDC_800_350_B_01_DUPL_1'
[2022-07-27 17:03:22] File name collision, renamed to 'NEW_Module_Kowloon_RDC_800_500_A_01_DUPL_1'
[2022-07-27 17:03:22] File name collision, renamed to 'NEW_Module_Kowloon_RDC_800_500_A_02_DUPL_1'
[2022-07-27 17:03:22] File name collision, renamed to 'NEW_Module_Kowloon_RDC_800_500_B_01_DUPL_1'
[2022-07-27 17:03:22] File name collision, renamed to '550_Roof_Low_Wall_DUPL_1'
[2022-07-27 17:03:22] File name collision, renamed to '550_tunnel_01_DUPL_1'
[2022-07-27 17:03:22] File name collision, renamed to '800_Roof_Low_Wall_DUPL_1'
[2022-07-27 17:03:22] File name collision, renamed to '800_Roof_Low_Wall_S_DUPL_1'
[2022-07-27 17:03:22] File name collision, renamed to 'Module_Kowloon_550_C_07_DUPL_1'
[2022-07-27 17:03:22] File name collision, renamed to 'Module_Kowloon_550_Roof_00_DUPL_1'
[2022-07-27 17:03:22] File name collision, renamed to 'Roof_Low_Wall_Corner_DUPL_1'
[2022-07-27 17:03:22] File name collision, renamed to 'Rooftop_Block_400_DUPL_1'
[2022-07-27 17:03:22] File name collision, renamed to 'Rooftop_Block_400_Sloped_DUPL_1'
[2022-07-27 17:03:22] File name collision, renamed to 'Rooftop_Block_550_DUPL_1'
[2022-07-27 17:03:22] File name collision, renamed to 'Rooftop_Block_550_Sloped_DUPL_1'
[2022-07-27 17:03:22] File name collision, renamed to 'Rooftop_Block_600_DUPL_1'
[2022-07-27 17:03:22] File name collision, renamed to 'Rooftop_Block_600_Sloped_DUPL_1'
[2022-07-27 17:03:22] File name collision, renamed to 'Rooftop_Block_800_Sloped_DUPL_1'
[2022-07-27 17:03:22] File name collision, renamed to 'Rooftop_Block_S_DUPL_1'
[2022-07-27 17:03:22] File name collision, renamed to 'MI_Bat04_DUPL_1'
[2022-07-27 17:03:22] File name collision, renamed to 'Rooftop_Block_S_Sloped_DUPL_1'
[2022-07-27 17:03:22] File name collision, renamed to 'MI_Bat04_DUPL_2'
[2022-07-27 17:03:22] File name collision, renamed to 'MI_Toyo_DUPL_1'
[2022-07-27 17:03:22] File name collision, renamed to 'Toyo01_NM_DUPL_1'
[2022-07-27 17:03:22] File name collision, renamed to 'Toyo01_D_DUPL_1'
[2022-07-27 17:03:22] File name collision, renamed to 'Base_Vertex_Paint_Inst_DUPL_1'
[2022-07-27 17:03:22] File name collision, renamed to 'Plate_Rusty_d_DUPL_1'
[2022-07-27 17:03:22] File name collision, renamed to 'Plate_Plastic_d_DUPL_1'
[2022-07-27 17:03:22] File name collision, renamed to 'MI_Sewer_Huge_Toyo_DUPL_1'
[2022-07-27 17:03:22] File name collision, renamed to 'MI_Glass2_DUPL_2'
[2022-07-27 17:03:22] File name collision, renamed to 'MI_CC_Rust_DUPL_1'
[2022-07-27 17:03:22] File name collision, renamed to 'MI_Concrete_Chamfer_DUPL_1'
[2022-07-27 17:03:22] File name collision, renamed to 'MI_Concrete_Chamfer_DUPL_2'
[2022-07-27 17:03:22] File name collision, renamed to 'MI_DoorA5_DUPL_1'
[2022-07-27 17:03:22] File name collision, renamed to 'MI_Glass_DUPL_2'
[2022-07-27 17:03:22] File name collision, renamed to 'MI_Screen_Off_DUPL_1'
[2022-07-27 17:03:22] File name collision, renamed to 'MI_Wood_DUPL_1'
[2022-07-27 17:03:22] File name collision, renamed to 'Ending_ControlRoom_Plan_DUPL_1'
[2022-07-27 17:03:22] File name collision, renamed to 'Base_CO_DUPL_1'
[2022-07-27 17:03:22] File name collision, renamed to 'MI_Glass_DUPL_3'
[2022-07-27 17:03:22] File name collision, renamed to 'MI_inox_DUPL_1'
[2022-07-27 17:03:22] File name collision, renamed to 'MI_Wallpaper_DUPL_1'
[2022-07-27 17:03:22] File name collision, renamed to 'MI_concrete_city_wall_DUPL_1'
[2022-07-27 17:03:22] File name collision, renamed to 'MI_concrete_city_wall_Micro_DUPL_1'
[2022-07-27 17:03:22] File name collision, renamed to 'MI_Pom_Grid_01_DUPL_2'
[2022-07-27 17:03:22] File name collision, renamed to 'MI_White_Plastic_DUPL_1'
[2022-07-27 17:03:22] File name collision, renamed to 'ObjectScale_DUPL_1'
[2022-07-27 17:03:22] File name collision, renamed to 'MI_wallpaper_1_DUPL_1'
[2022-07-27 17:03:22] File name collision, renamed to 'MI_Ground_DUPL_1'
[2022-07-27 17:03:22] File name collision, renamed to 'NEW_Module_Kowloon_RDC_550_350_A_01_DUPL_2'
[2022-07-27 17:03:22] File name collision, renamed to 'MI_Midtown_Bat04_DUPL_1'
[2022-07-27 17:03:22] File name collision, renamed to 'MI_concrete_city_wall_Micro_DUPL_2'
[2022-07-27 17:03:22] File name collision, renamed to 'Base_Textures_Inst_DUPL_3'
[2022-07-27 17:03:22] File name collision, renamed to 'M_DirtGround_Inst_DUPL_1'
[2022-07-27 17:03:22] File name collision, renamed to 'M_DirtGround_Inst4_DUPL_1'
[2022-07-27 17:03:22] File name collision, renamed to 'MI_concrete_city_wall_Micro1_DUPL_1'
[2022-07-27 17:03:22] File name collision, renamed to 'Jail_Door_01_DUPL_1'
[2022-07-27 17:03:22] File name collision, renamed to 'NEW_Module_Kowloon_550_A_08_DUPL_1'
[2022-07-27 17:03:22] File name collision, renamed to 'MI_Frise_interior_DUPL_1'
[2022-07-27 17:03:22] File name collision, renamed to 'MI_inox_DUPL_2'
[2022-07-27 17:03:22] File name collision, renamed to 'MI_tacticalGround_DUPL_1'
[2022-07-27 17:03:22] File name collision, renamed to 'M_Screen_Club_Anim_DUPL_1'
[2022-07-27 17:03:22] File name collision, renamed to 'M_Screen_Club_Anim_Green_DUPL_1'
[2022-07-27 17:03:22] File name collision, renamed to 'MI_Counter_Glass_DUPL_1'
[2022-07-27 17:03:22] File name collision, renamed to 'MI_Concrete_Chamfer_Dark_DUPL_1'
[2022-07-27 17:03:22] File name collision, renamed to 'MI_Metro_Concrete_DUPL_1'
[2022-07-27 17:03:22] File name collision, renamed to 'MI_VP_CrackedPaint_Intwall_DUPL_1'
[2022-07-27 17:03:22] File name collision, renamed to 'MI_intsol_white_tile_DUPL_1'
[2022-07-27 17:03:22] File name collision, renamed to 'MI_white_plastic_DUPL_2'
[2022-07-27 17:03:22] File name collision, renamed to 'MI_PoliceStation_Corridor_roof_DUPL_1'
[2022-07-27 17:03:22] File name collision, renamed to 'MI_Grille_DUPL_1'
[2022-07-27 17:03:22] File name collision, renamed to 'MI_Int_DUPL_1'
[2022-07-27 17:03:22] File name collision, renamed to 'Rooftop_Block_Specific_001_DUPL_1'
[2022-07-27 17:03:22] File name collision, renamed to 'Rooftop_Block_Specific_002_DUPL_1'
[2022-07-27 17:03:22] File name collision, renamed to 'Rooftop_Block_Specific_003_DUPL_1'
[2022-07-27 17:03:22] File name collision, renamed to 'M_Frise_cd2_Inst_DUPL_2'
[2022-07-27 17:03:22] File name collision, renamed to 'Rooftop_Block_Specific_004_DUPL_1'
[2022-07-27 17:03:22] File name collision, renamed to 'Rooftop_Block_Specific_005_DUPL_1'
[2022-07-27 17:03:22] File name collision, renamed to 'Rooftop_Block_Specific_006_DUPL_1'
[2022-07-27 17:03:22] File name collision, renamed to 'MI_CC_Rust_DUPL_2'
[2022-07-27 17:03:22] File name collision, renamed to 'MI_Ground_DUPL_2'
[2022-07-27 17:03:22] File name collision, renamed to 'MI_bluemosaic_DUPL_1'
[2022-07-27 17:03:22] File name collision, renamed to 'MI_wallpaper_1_DUPL_2'
[2022-07-27 17:03:22] File name collision, renamed to 'MI_Roof_DUPL_1'
[2022-07-27 17:03:22] File name collision, renamed to 'MI_Ground_DUPL_3'
[2022-07-27 17:03:22] File name collision, renamed to 'MI_wallpaper_1_DUPL_3'
[2022-07-27 17:03:22] File name collision, renamed to 'MI_Roof_DUPL_2'
[2022-07-27 17:03:22] File name collision, renamed to 'MI_Ground_DUPL_4'
[2022-07-27 17:03:22] File name collision, renamed to 'Plane1_DUPL_1'
[2022-07-27 17:03:22] File name collision, renamed to 'Base_Textures_Inst_DUPL_4'
[2022-07-27 17:03:22] File name collision, renamed to 'MI_Ground_DUPL_5'
[2022-07-27 17:03:22] File name collision, renamed to 'MI_wallpaper_1_DUPL_4'
[2022-07-27 17:03:22] File name collision, renamed to 'MI_Roof_DUPL_3'
[2022-07-27 17:03:22] File name collision, renamed to 'MI_Mud_DUPL_1'
[2022-07-27 17:03:22] File name collision, renamed to 'MI_ground_int_DUPL_1'
[2022-07-27 17:03:22] File name collision, renamed to 'BlockGround_01_DUPL_1'
[2022-07-27 17:03:22] File name collision, renamed to 'MI_light_DUPL_1'
[2022-07-27 17:03:22] File name collision, renamed to 'MI_Bat27_DUPL_1'
[2022-07-27 17:03:22] File name collision, renamed to 'BP_Random_DUPL_1'
[2022-07-27 17:03:22] File name collision, renamed to 'MI_Wall_Moss_01_DUPL_1'
[2022-07-27 17:03:22] File name collision, renamed to 'MI_Black_plastic_DUPL_1'
[2022-07-27 17:03:22] File name collision, renamed to 'MI_Fiber4_DUPL_1'
[2022-07-27 17:03:22] File name collision, renamed to 'M_DirtGround_Inst_DUPL_2'
[2022-07-27 17:03:22] File name collision, renamed to 'MI_ground_Jail_DUPL_1'
[2022-07-27 17:03:22] File name collision, renamed to 'MI_Rust_DUPL_1'
[2022-07-27 17:03:22] File name collision, renamed to 'MI_WaterSimple_Inst_Slum_DUPL_1'
[2022-07-27 17:03:22] File name collision, renamed to 'MI_Wood_DUPL_2'
[2022-07-27 17:03:22] File name collision, renamed to 'Black_DUPL_2'
[2022-07-27 17:03:22] File name collision, renamed to 'Pipe_01_small2_DUPL_1'
[2022-07-27 17:03:22] File name collision, renamed to 'Pipe_01_small1_DUPL_1'
[2022-07-27 17:03:22] File name collision, renamed to 'Pipe_01_mid3_DUPL_1'
[2022-07-27 17:03:22] File name collision, renamed to 'Pipe_01_mid2_DUPL_1'
[2022-07-27 17:03:22] File name collision, renamed to 'Pipe_01_mid1_DUPL_1'
[2022-07-27 17:03:22] File name collision, renamed to 'Pipe_01_joint5_DUPL_1'
[2022-07-27 17:03:22] File name collision, renamed to 'Pipe_01_joint4_DUPL_1'
[2022-07-27 17:03:22] File name collision, renamed to 'Pipe_01_joint3_DUPL_1'
[2022-07-27 17:03:22] File name collision, renamed to 'Pipe_01_joint2_DUPL_1'
[2022-07-27 17:03:22] File name collision, renamed to 'Pipe_01_joint1_DUPL_1'
[2022-07-27 17:03:22] File name collision, renamed to 'Pipe_01_huge4_DUPL_1'
[2022-07-27 17:03:22] File name collision, renamed to 'Pipe_01_huge3_DUPL_1'
[2022-07-27 17:03:22] File name collision, renamed to 'Pipe_01_huge2_DUPL_1'
[2022-07-27 17:03:22] File name collision, renamed to 'Pipe_01_huge1_DUPL_1'
[2022-07-27 17:03:22] File name collision, renamed to 'Pipe_01_big4_DUPL_1'
[2022-07-27 17:03:22] File name collision, renamed to 'Pipe_01_big3_DUPL_1'
[2022-07-27 17:03:22] File name collision, renamed to 'Pipe_01_big2_DUPL_1'
[2022-07-27 17:03:22] File name collision, renamed to 'Pipe_01_big1_DUPL_1'
[2022-07-27 17:03:22] File name collision, renamed to 'MI_Pipe_07_CleanCity_Red_DUPL_1'
[2022-07-27 17:03:22] File name collision, renamed to 'MI_Bamboo_DUPL_1'
[2022-07-27 17:03:22] File name collision, renamed to 'MI_Neon_DUPL_1'
[2022-07-27 17:03:22] File name collision, renamed to 'MI_AirGrid_DUPL_1'
[2022-07-27 17:03:22] File name collision, renamed to 'MI_Metal_DUPL_1'
[2022-07-27 17:03:22] File name collision, renamed to 'Cardboard_DUPL_1'
[2022-07-27 17:03:22] File name collision, renamed to 'Base_Textures_Inst_DUPL_5'
[2022-07-27 17:03:22] File name collision, renamed to 'MI_Cat_tree_Wood_DUPL_1'
[2022-07-27 17:03:22] File name collision, renamed to 'Chariot_DUPL_1'
[2022-07-27 17:03:22] File name collision, renamed to 'Broom_DUPL_1'
[2022-07-27 17:03:22] File name collision, renamed to 'clim_03_DUPL_1'
[2022-07-27 17:03:22] File name collision, renamed to 'Clothes_d_DUPL_1'
[2022-07-27 17:03:22] File name collision, renamed to 'Droid_Head_02_DUPL_1'
[2022-07-27 17:03:22] File name collision, renamed to 'MI_Black_Plastic_DUPL_2'
[2022-07-27 17:03:22] File name collision, renamed to 'Droid_Head_03_DUPL_1'
[2022-07-27 17:03:22] File name collision, renamed to 'Droid_Head_06_DUPL_1'
[2022-07-27 17:03:22] File name collision, renamed to 'Droid_Head_07_DUPL_1'
[2022-07-27 17:03:22] File name collision, renamed to 'Droid_Head_08_DUPL_1'
[2022-07-27 17:03:22] File name collision, renamed to 'Droid_Head_09_DUPL_1'
[2022-07-27 17:03:22] File name collision, renamed to 'Emissive_White_DUPL_1'
[2022-07-27 17:03:22] File name collision, renamed to 'MI_Light_DUPL_2'
[2022-07-27 17:03:22] File name collision, renamed to 'MI_inox_DUPL_3'
[2022-07-27 17:03:22] File name collision, renamed to 'Base_Textures_Inst_DUPL_6'
[2022-07-27 17:03:22] File name collision, renamed to '01_NM_DUPL_1'
[2022-07-27 17:03:22] File name collision, renamed to '01_LP_DUPL_1'
[2022-07-27 17:03:22] File name collision, renamed to '01_D_DUPL_1'
[2022-07-27 17:03:22] File name collision, renamed to 'MI_Fridge_02_DUPL_1'
[2022-07-27 17:03:22] File name collision, renamed to '02_NM_DUPL_1'
[2022-07-27 17:03:22] File name collision, renamed to '02_LP_DUPL_1'
[2022-07-27 17:03:22] File name collision, renamed to '02_D_DUPL_1'
[2022-07-27 17:03:22] File name collision, renamed to 'Midtown_map_DUPL_1'
[2022-07-27 17:03:22] File name collision, renamed to 'Base_Textures_Inst_DUPL_7'
[2022-07-27 17:03:22] File name collision, renamed to 'crochet_DUPL_1'
[2022-07-27 17:03:22] File name collision, renamed to 'Signs_NM_DUPL_1'
[2022-07-27 17:03:22] File name collision, renamed to 'Signs_LP_DUPL_1'
[2022-07-27 17:03:22] File name collision, renamed to 'Signs_D_DUPL_1'
[2022-07-27 17:03:22] File name collision, renamed to 'MI_Music_Part_Var1_DUPL_1'
[2022-07-27 17:03:22] File name collision, renamed to 'MI_Music_Part_Var2_DUPL_1'
[2022-07-27 17:03:22] File name collision, renamed to 'MI_Music_Part_Var3_DUPL_1'
[2022-07-27 17:03:22] File name collision, renamed to 'MI_Music_Part_Var4_DUPL_1'
[2022-07-27 17:03:22] File name collision, renamed to 'MI_Music_Part_Var5_DUPL_1'
[2022-07-27 17:03:22] File name collision, renamed to 'MI_Music_Part_Var6_DUPL_1'
[2022-07-27 17:03:22] File name collision, renamed to 'MI_Music_Part_Var7_DUPL_1'
[2022-07-27 17:03:22] File name collision, renamed to 'MI_Music_Part_Var8_DUPL_1'
[2022-07-27 17:03:22] File name collision, renamed to 'MI_Rebel_Logo_01_DUPL_1'
[2022-07-27 17:03:22] File name collision, renamed to 'arrow_neon_DUPL_1'
[2022-07-27 17:03:22] File name collision, renamed to 'OilBarrel_NM_DUPL_1'
[2022-07-27 17:03:22] File name collision, renamed to 'OilBarrel_LP_DUPL_1'
[2022-07-27 17:03:22] File name collision, renamed to 'OilBarrel_D_DUPL_1'
[2022-07-27 17:03:22] File name collision, renamed to 'Oilbarrel_Hideout_01_DUPL_1'
[2022-07-27 17:03:22] File name collision, renamed to 'PapersOld_D_DUPL_1'
[2022-07-27 17:03:22] File name collision, renamed to 'pillow_01_DUPL_1'
[2022-07-27 17:03:22] File name collision, renamed to 'pillow_02_DUPL_1'
[2022-07-27 17:03:22] File name collision, renamed to 'pillow_03_DUPL_1'
[2022-07-27 17:03:23] File name collision, renamed to 'Rikonium_ads_DUPL_1'
[2022-07-27 17:03:23] File name collision, renamed to 'MI_Rikonium_ads_DUPL_1'
[2022-07-27 17:03:23] File name collision, renamed to 'MI_Red_Plastic_DUPL_1'
[2022-07-27 17:03:23] File name collision, renamed to 'MI_oldwood_DUPL_1'
[2022-07-27 17:03:23] File name collision, renamed to 'MI_Inox_DUPL_4'
[2022-07-27 17:03:23] File name collision, renamed to 'RJ45_D_DUPL_1'
[2022-07-27 17:03:23] File name collision, renamed to 'BoardScrap_D_DUPL_1'
[2022-07-27 17:03:23] File name collision, renamed to 'MI_Brick_DUPL_1'
[2022-07-27 17:03:23] File name collision, renamed to 'Brick_D_DUPL_1'
[2022-07-27 17:03:23] File name collision, renamed to 'TilesScrap_D_DUPL_1'
[2022-07-27 17:03:23] File name collision, renamed to 'MI_Bache03_DUPL_1'
[2022-07-27 17:03:23] File name collision, renamed to 'Scaffold_Tubes_d_DUPL_1'
[2022-07-27 17:03:23] File name collision, renamed to 'Screen01_NM_DUPL_1'
[2022-07-27 17:03:23] File name collision, renamed to 'Screen01_LP_DUPL_1'
[2022-07-27 17:03:23] File name collision, renamed to 'Screen01_D_DUPL_1'
[2022-07-27 17:03:23] File name collision, renamed to 'Screen01_D_DUPL_2'
[2022-07-27 17:03:23] File name collision, renamed to 'M_ScreenGlich_auto_Inst1_DUPL_1'
[2022-07-27 17:03:23] File name collision, renamed to 'M_ScreenGlich_auto_Inst6_DUPL_1'
[2022-07-27 17:03:23] File name collision, renamed to 'M_screen_Club_DUPL_1'
[2022-07-27 17:03:23] File name collision, renamed to 'Sewers_Control_Panel_A_DUPL_1'
[2022-07-27 17:03:23] File name collision, renamed to 'Sewers_Control_Panel_B_DUPL_1'
[2022-07-27 17:03:23] File name collision, renamed to 'Bar_Stool_DUPL_1'
[2022-07-27 17:03:23] File name collision, renamed to 'Sign_03_A_DUPL_1'
[2022-07-27 17:03:23] File name collision, renamed to 'Sign_03_B_DUPL_1'
[2022-07-27 17:03:23] File name collision, renamed to 'Sign_03_C_DUPL_1'
[2022-07-27 17:03:23] File name collision, renamed to 'Store_5X3_E_02_DUPL_1'
[2022-07-27 17:03:23] File name collision, renamed to 'MI_Tarpaulin_Striped_B_NoWind_DUPL_1'
[2022-07-27 17:03:23] File name collision, renamed to 'TechRoom_Chair_Bottom_DUPL_1'
[2022-07-27 17:03:23] File name collision, renamed to 'MI_Sink_DUPL_1'
[2022-07-27 17:03:23] File name collision, renamed to 'Sink_NM_DUPL_1'
[2022-07-27 17:03:23] File name collision, renamed to 'Sink_LP_DUPL_1'
[2022-07-27 17:03:23] File name collision, renamed to 'Sink_D_DUPL_1'
[2022-07-27 17:03:23] File name collision, renamed to 'Sink_DUPL_1'
[2022-07-27 17:03:23] File name collision, renamed to 'tv_remote_DUPL_1'
[2022-07-27 17:03:23] File name collision, renamed to 'MI_Pom_Grid_06_DUPL_1'
[2022-07-27 17:03:23] File name collision, renamed to 'Washing_Machine_a_open_DUPL_1'
[2022-07-27 17:03:23] File name collision, renamed to 'cylinder_DUPL_3'
[2022-07-27 17:03:23] File name collision, renamed to 'Windows_150x70_L_DUPL_1'
[2022-07-27 17:03:23] File name collision, renamed to 'go_left_DUPL_1'
[2022-07-27 17:03:23] File name collision, renamed to 'go_right_DUPL_1'
[2022-07-27 17:03:23] File name collision, renamed to 'MI_Outsider_Logo_02_DUPL_1'
[2022-07-27 17:03:23] File name collision, renamed to 'MI_brick01_DUPL_1'
[2022-07-27 17:03:23] File name collision, renamed to 'MI_cubes_wall_DUPL_1'
[2022-07-27 17:03:23] File name collision, renamed to 'MI_wallpaper_1_DUPL_5'
[2022-07-27 17:03:23] File name collision, renamed to 'MI_Wood_floor_vertexpaint_DUPL_1'
[2022-07-27 17:03:23] File name collision, renamed to 'ivy_NM_DUPL_1'
[2022-07-27 17:03:23] File name collision, renamed to 'BroadleafBark_Normal_Tex_DUPL_1'
[2022-07-27 17:03:23] File name collision, renamed to 'BroadleafBark_Tex_DUPL_1'
[2022-07-27 17:03:23] File name collision, renamed to 'Normal_DUPL_1'
[2022-07-27 17:03:23] File name collision, renamed to 'BroadleafBark_DUPL_1'
[2022-07-27 17:03:23] File name collision, renamed to 'BroadleafBark_Normal_DUPL_1'
[2022-07-27 17:03:23] File name collision, renamed to 'MI_UniqueTree_bark_DUPL_1'
[2022-07-27 17:03:23] File name collision, renamed to 'MI_UniqueTree_leaves_DUPL_1'
[2022-07-27 17:03:23] File name collision, renamed to 'Atlas_Color_DUPL_1'
[2022-07-27 17:03:23] File name collision, renamed to 'Atlas_Normal_DUPL_1'
[2022-07-27 17:03:23] File name collision, renamed to 'Atlas_Subsurface_DUPL_1'
[2022-07-27 17:03:23] File name collision, renamed to 'Atlas_Color_DUPL_2'
[2022-07-27 17:03:23] File name collision, renamed to 'Atlas_Normal_DUPL_2'
[2022-07-27 17:03:23] File name collision, renamed to 'Atlas_Color_Tex_DUPL_1'
[2022-07-27 17:03:23] File name collision, renamed to 'Atlas_Normal_Tex_DUPL_1'
[2022-07-27 17:03:23] File name collision, renamed to 'truck_02_idle_loop_01_DUPL_1'
[2022-07-27 17:03:23] File name collision, renamed to 'antiZurgLamp_loop_01_DUPL_1'
[2022-07-27 17:03:23] File name collision, renamed to 'Jail_door_01_DUPL_2'
[2022-07-27 17:03:23] File name collision, renamed to 'Electric_Arcs_DUPL_1'
[2022-07-27 17:03:23] File name collision, renamed to 'M_Waterfall_DUPL_1'
[2022-07-27 17:03:23] File name collision, renamed to 'Tunnel_8m_end_grid_DUPL_1'
[2022-07-27 17:03:23] File name collision, renamed to 'Bucket_DUPL_1'
[2022-07-27 17:03:23] File name collision, renamed to 'Cube_DUPL_2'
[2022-07-27 17:03:23] File name collision, renamed to 'BP_SewerGrid_DUPL_1'
[2022-07-27 17:03:23] File name collision, renamed to 'MI_inox_DUPL_5'
[2022-07-27 17:03:23] File name collision, renamed to 'MI_Droid_Rusty_DUPL_1'
[2022-07-27 17:03:23] File name collision, renamed to 'MI_Glass4_DUPL_1'
[2022-07-27 17:03:23] File name collision, renamed to 'MI_GroundSlumPom_DUPL_1'
[2022-07-27 17:03:23] File name collision, renamed to 'MI_Billard_plastic_DUPL_1'
[2022-07-27 17:03:23] File name collision, renamed to 'M_ScreenGlich_auto_Inst5_DUPL_1'
[2022-07-27 17:03:23] File name collision, renamed to 'M_ScreenGlich_auto_Inst6_DUPL_2'
[2022-07-27 17:03:23] File name collision, renamed to 'MI_concrete_city_wall_Micro1_DUPL_2'
[2022-07-27 17:03:23] File name collision, renamed to 'MI_Pom_Grid_06_DUPL_2'
[2022-07-27 17:03:23] File name collision, renamed to 'BP_CameraSpline_Low_DUPL_1'
[2022-07-27 17:03:23] File name collision, renamed to 'Toyo_small1_DUPL_1'
[2022-07-27 17:03:23] File name collision, renamed to 'Toyo_med1_DUPL_1'
[2022-07-27 17:03:23] File name collision, renamed to 'Toyo_big1_DUPL_1'
[2022-07-27 17:03:23] File name collision, renamed to 'Toyo_joint2_DUPL_1'
[2022-07-27 17:03:23] File name collision, renamed to 'MI_Toyo03_DUPL_1'
[2022-07-27 17:03:23] File name collision, renamed to 'DefaultTextMaterialOpaque_DUPL_1'
[2022-07-27 17:03:23] File name collision, renamed to 'Toyo_small3_DUPL_1'
[2022-07-27 17:03:23] File name collision, renamed to 'Toyo_small2_DUPL_1'
[2022-07-27 17:03:23] File name collision, renamed to 'Toyo_med3_DUPL_1'
[2022-07-27 17:03:23] File name collision, renamed to 'Toyo_med2_DUPL_1'
[2022-07-27 17:03:23] File name collision, renamed to 'Toyo_big3_DUPL_1'
[2022-07-27 17:03:23] File name collision, renamed to 'Toyo_big2_DUPL_1'
[2022-07-27 17:03:23] File name collision, renamed to 'Cone_DUPL_1'
[2022-07-27 17:03:23] File name collision, renamed to 'Toyo_joint3_DUPL_1'
[2022-07-27 17:03:23] File name collision, renamed to 'Toyo_joint1_DUPL_1'
[2022-07-27 17:03:23] File name collision, renamed to 'FX_Waterfall_Splash_DUPL_1'
[2022-07-27 17:03:23] File name collision, renamed to 'M_Waterfall_DUPL_2'
[2022-07-27 17:03:23] File name collision, renamed to 'Toyo_slimsmall_DUPL_1'
[2022-07-27 17:03:23] File name collision, renamed to 'Toyo_slimmed_DUPL_1'
[2022-07-27 17:03:23] File name collision, renamed to 'Toyo_slimjoint001_DUPL_1'
[2022-07-27 17:03:23] File name collision, renamed to 'Toyo_slimjoint_DUPL_1'
[2022-07-27 17:03:23] File name collision, renamed to 'Toyo_slimsmall001_DUPL_1'
[2022-07-27 17:03:23] File name collision, renamed to 'Toyo_slimmed001_DUPL_1'
[2022-07-27 17:03:23] File name collision, renamed to 'Toyo_slimbig001_DUPL_1'
[2022-07-27 17:03:23] File name collision, renamed to 'Toyo_slimbig_DUPL_1'
[2022-07-27 17:03:23] File name collision, renamed to 'Old_Radio_DUPL_1'
[2022-07-27 17:03:23] File name collision, renamed to 'MI_White_Plastic_DUPL_3'
[2022-07-27 17:03:23] File name collision, renamed to 'Box_1M_BlockCam_DUPL_1'
[2022-07-27 17:03:23] File name collision, renamed to 'MI_B12_ghost_catlogo_DUPL_1'
[2022-07-27 17:03:23] File name collision, renamed to 'MI_BloclGround_200_B02_DUPL_1'
[2022-07-27 17:03:23] File name collision, renamed to 'MI_GroundSlum_WorldMapping_DUPL_1'
[2022-07-27 17:03:23] File name collision, renamed to 'MI_GroundSlumPom_DUPL_2'
[2022-07-27 17:03:23] File name collision, renamed to 'DefaultMaterial_DUPL_1'
[2022-07-27 17:03:23] File name collision, renamed to 'MI_sky_tunnel_DUPL_1'
[2022-07-27 17:03:23] File name collision, renamed to 'MI_ScreenWelcome_DUPL_1'
[2022-07-27 17:03:23] File name collision, renamed to 'Base_Glass_Inst3_DUPL_1'
[2022-07-27 17:03:23] File name collision, renamed to 'Triangle_1m_DUPL_1'
[2022-07-27 17:03:23] File name collision, renamed to 'M_Black_DUPL_1'
[2022-07-27 17:03:23] File name collision, renamed to 'Jail_Floor_Module_A-1_Chamfer_DUPL_1'
[2022-07-27 17:03:23] File name collision, renamed to 'CACA_MI_screen_metro1_DUPL_1'
[2022-07-27 17:03:23] File name collision, renamed to 'Cylinder_DUPL_4'
[2022-07-27 17:03:23] File name collision, renamed to 'MI_brick_Black_DUPL_1'
[2022-07-27 17:03:23] File name collision, renamed to 'Base_Color_Inst_DUPL_1'
[2022-07-27 17:03:23] File name collision, renamed to 'Bar_Bottle_04_DUPL_1'
[2022-07-27 17:03:23] File name collision, renamed to 'Garbage_Factory_Water_01_DUPL_1'
[2022-07-27 17:03:23] File name collision, renamed to 'Garbage_Factory_Wall_07_DUPL_1'
[2022-07-27 17:03:23] File name collision, renamed to 'MI_Metro_Quai_frise_DUPL_1'
[2022-07-27 17:03:23] File name collision, renamed to 'MI_Inox_DUPL_6'
[2022-07-27 17:03:23] File name collision, renamed to 'moving_cardboard_loop_01_DUPL_1'
[2022-07-27 17:03:23] File name collision, renamed to 'Base_Textures_Inst2_DUPL_1'
[2022-07-27 17:03:23] File name collision, renamed to 'Default_DUPL_1'
[2022-07-27 17:03:23] File name collision, renamed to 'BaseTexture_DUPL_1'
[2022-07-27 17:03:23] File name collision, renamed to 'BaseTexture_DUPL_2'
[2022-07-27 17:03:23] File name collision, renamed to 'MRTexture_DUPL_1'
[2022-07-27 17:03:23] File name collision, renamed to 'BaseTexture_DUPL_3'
[2022-07-27 17:03:23] File name collision, renamed to 'BaseTexture_DUPL_4'
[2022-07-27 17:03:23] File name collision, renamed to 'MRTexture_DUPL_2'
[2022-07-27 17:03:23] File name collision, renamed to 'BaseTexture_DUPL_5'
[2022-07-27 17:03:23] File name collision, renamed to 'MRTexture_DUPL_3'
[2022-07-27 17:03:23] File name collision, renamed to 'BaseTexture_DUPL_6'
[2022-07-27 17:03:23] File name collision, renamed to 'MRTexture_DUPL_4'
[2022-07-27 17:03:23] File name collision, renamed to 'BaseTexture_DUPL_7'
[2022-07-27 17:03:23] File name collision, renamed to 'MRTexture_DUPL_5'
[2022-07-27 17:03:23] Creating all files...
[2022-07-27 17:03:24] Unloading all forcefully loaded assets
[2022-07-27 17:03:24] SDK generated in 1.6757028 seconds.
